2022-04-24 17:18:03,303 - DiCoSConfig.py - 119 - INFO - ******HYPER-PARAMETERS******
2022-04-24 17:18:03,303 - DiCoSConfig.py - 121 - INFO - exp_purpose: 测试tensorBoard
2022-04-24 17:18:03,304 - DiCoSConfig.py - 121 - INFO - train_path: ./data/MultiWoZ/2.2/processed/train_dials.json
2022-04-24 17:18:03,304 - DiCoSConfig.py - 121 - INFO - test_path: ./data/MultiWoZ/2.2/processed/test_dials.json
2022-04-24 17:18:03,304 - DiCoSConfig.py - 121 - INFO - save_path: ./savedModels/DiCoS/teacher/2022-04-24-17-18-03.pth
2022-04-24 17:18:03,304 - DiCoSConfig.py - 121 - INFO - log_path: ./logs/DiCoS/teacher/2022-04-24-17-18-03.log
2022-04-24 17:18:03,304 - DiCoSConfig.py - 121 - INFO - tensorBoard_path: ./tensorboard/DiCoS/teacher/2022-04-24-17-18-03/
2022-04-24 17:18:03,304 - DiCoSConfig.py - 121 - INFO - require_improvement: 10000
2022-04-24 17:18:03,304 - DiCoSConfig.py - 121 - INFO - num_epochs: 10
2022-04-24 17:18:03,304 - DiCoSConfig.py - 121 - INFO - batch_size: 8
2022-04-24 17:18:03,304 - DiCoSConfig.py - 121 - INFO - pad_size: 512
2022-04-24 17:18:03,304 - DiCoSConfig.py - 121 - INFO - eval_step: 3000
2022-04-24 17:18:03,304 - DiCoSConfig.py - 121 - INFO - learning_rate: 2e-05
2022-04-24 17:18:03,304 - DiCoSConfig.py - 121 - INFO - bert_path: ./pretrained_models/albert_large
2022-04-24 17:18:03,304 - DiCoSConfig.py - 121 - INFO - hidden_size: 768
2022-04-24 17:18:03,304 - DiCoSConfig.py - 121 - INFO - logger: <Logger 2022-04-24-17-18-03 (DEBUG)>
2022-04-24 17:18:03,304 - DiCoSConfig.py - 121 - INFO - tokenizer: PreTrainedTokenizer(name_or_path='./pretrained_models/albert_large', vocab_size=30000, model_max_len=1000000000000000019884624838656, is_fast=False, padding_side='right', truncation_side='right', special_tokens={'bos_token': '[CLS]', 'eos_token': '[SEP]', 'unk_token': '<unk>', 'sep_token': '[SEP]', 'pad_token': '<pad>', 'cls_token': '[CLS]', 'mask_token': AddedToken("[MASK]", rstrip=False, lstrip=True, single_word=False, normalized=False)})
2022-04-24 17:18:03,304 - DiCoSConfig.py - 121 - INFO - device: cuda
2022-04-24 17:18:03,304 - DiCoSConfig.py - 121 - INFO - rate_warmup_steps: 0.2
2022-04-24 17:18:03,304 - DiCoSConfig.py - 121 - INFO - shuffle: True
2022-04-24 17:18:03,304 - DiCoSConfig.py - 121 - INFO - drop_last: True
2022-04-24 17:18:03,304 - DiCoSConfig.py - 121 - INFO - num_workers: 4
2022-04-24 17:18:03,305 - DiCoSConfig.py - 121 - INFO - teacherMultiSample: 5
2022-04-24 17:18:03,305 - DiCoSConfig.py - 121 - INFO - slotTypeNum: 30
2022-04-24 17:18:03,305 - DiCoSConfig.py - 121 - INFO - dict_classify: {'update': 0, 'inherit': 1}
2022-04-24 17:18:03,305 - DiCoSConfig.py - 121 - INFO - maxSlotValue: 16
2022-04-24 17:18:03,305 - DiCoSConfig.py - 121 - INFO - domain: ['hotel', 'train', 'attraction', 'restaurant', 'taxi']
2022-04-24 17:18:03,305 - DiCoSConfig.py - 121 - INFO - dict_sequential: {'unsequential': 0, 'sequential': 1}
2022-04-24 17:18:03,305 - DiCoSConfig.py - 121 - INFO - sequentialChangeProb: 0.5
2022-04-24 17:18:03,305 - DiCoSConfig.py - 121 - INFO - dict_contextual: {'uncontextual': 0, 'contextual': 1}
2022-04-24 17:18:03,305 - DiCoSConfig.py - 121 - INFO - contextualChangeProb: 0.5
2022-04-24 17:18:03,305 - DiCoSConfig.py - 121 - INFO - startTime: 2022-04-24-17-18-03
2022-04-24 17:18:03,305 - DiCoSConfig.py - 121 - INFO - tbWriter: <torch.utils.tensorboard.writer.SummaryWriter object at 0x7fd364ddb6d0>
2022-04-24 17:18:03,305 - DiCoSConfig.py - 122 - INFO - ****************************
2022-04-24 17:18:06,888 - teacherTrainUtils.py - 18 - INFO - load sequential train set......
2022-04-24 17:18:21,241 - teacherDataUtils.py - 161 - WARNING - 658-MUL0926.json，只有一轮,丢弃这个数据
2022-04-24 17:18:22,119 - teacherDataUtils.py - 161 - WARNING - 988-MUL1349.json，只有一轮,丢弃这个数据
2022-04-24 17:18:34,603 - teacherDataUtils.py - 161 - WARNING - 7112-SNG1155.json，只有一轮,丢弃这个数据
2022-04-24 17:18:34,758 - teacherDataUtils.py - 161 - WARNING - 7256-SNG1299.json，只有一轮,丢弃这个数据
2022-04-24 17:18:38,009 - teacherDataUtils.py - 161 - WARNING - 658-MUL0926.json，只有一轮,丢弃这个数据
2022-04-24 17:18:38,867 - teacherDataUtils.py - 161 - WARNING - 988-MUL1349.json，只有一轮,丢弃这个数据
2022-04-24 17:18:51,195 - teacherDataUtils.py - 161 - WARNING - 7112-SNG1155.json，只有一轮,丢弃这个数据
2022-04-24 17:18:51,346 - teacherDataUtils.py - 161 - WARNING - 7256-SNG1299.json，只有一轮,丢弃这个数据
2022-04-24 17:18:54,422 - teacherDataUtils.py - 161 - WARNING - 658-MUL0926.json，只有一轮,丢弃这个数据
2022-04-24 17:18:55,257 - teacherDataUtils.py - 161 - WARNING - 988-MUL1349.json，只有一轮,丢弃这个数据
2022-04-24 17:19:07,448 - teacherDataUtils.py - 161 - WARNING - 7112-SNG1155.json，只有一轮,丢弃这个数据
2022-04-24 17:19:07,601 - teacherDataUtils.py - 161 - WARNING - 7256-SNG1299.json，只有一轮,丢弃这个数据
2022-04-24 17:19:10,732 - teacherDataUtils.py - 161 - WARNING - 658-MUL0926.json，只有一轮,丢弃这个数据
2022-04-24 17:19:11,570 - teacherDataUtils.py - 161 - WARNING - 988-MUL1349.json，只有一轮,丢弃这个数据
2022-04-24 17:19:23,562 - teacherDataUtils.py - 161 - WARNING - 7112-SNG1155.json，只有一轮,丢弃这个数据
2022-04-24 17:19:23,714 - teacherDataUtils.py - 161 - WARNING - 7256-SNG1299.json，只有一轮,丢弃这个数据
2022-04-24 17:19:26,824 - teacherDataUtils.py - 161 - WARNING - 658-MUL0926.json，只有一轮,丢弃这个数据
2022-04-24 17:19:27,677 - teacherDataUtils.py - 161 - WARNING - 988-MUL1349.json，只有一轮,丢弃这个数据
2022-04-24 17:19:39,662 - teacherDataUtils.py - 161 - WARNING - 7112-SNG1155.json，只有一轮,丢弃这个数据
2022-04-24 17:19:39,815 - teacherDataUtils.py - 161 - WARNING - 7256-SNG1299.json，只有一轮,丢弃这个数据
2022-04-24 17:19:41,959 - teacherTrainUtils.py - 20 - INFO - load sequential test set......
2022-04-24 17:19:53,462 - teacherTrainUtils.py - 22 - INFO - load contextual train set......
2022-04-24 17:20:11,807 - teacherDataUtils.py - 161 - WARNING - 658-MUL0926.json，只有一轮,丢弃这个数据
2022-04-24 17:20:12,668 - teacherDataUtils.py - 161 - WARNING - 988-MUL1349.json，只有一轮,丢弃这个数据
2022-04-24 17:20:25,098 - teacherDataUtils.py - 161 - WARNING - 7112-SNG1155.json，只有一轮,丢弃这个数据
2022-04-24 17:20:25,267 - teacherDataUtils.py - 161 - WARNING - 7256-SNG1299.json，只有一轮,丢弃这个数据
2022-04-24 17:20:28,631 - teacherDataUtils.py - 161 - WARNING - 658-MUL0926.json，只有一轮,丢弃这个数据
2022-04-24 17:20:29,499 - teacherDataUtils.py - 161 - WARNING - 988-MUL1349.json，只有一轮,丢弃这个数据
2022-04-24 17:20:42,050 - teacherDataUtils.py - 161 - WARNING - 7112-SNG1155.json，只有一轮,丢弃这个数据
2022-04-24 17:20:42,216 - teacherDataUtils.py - 161 - WARNING - 7256-SNG1299.json，只有一轮,丢弃这个数据
2022-04-24 17:20:45,592 - teacherDataUtils.py - 161 - WARNING - 658-MUL0926.json，只有一轮,丢弃这个数据
2022-04-24 17:20:46,467 - teacherDataUtils.py - 161 - WARNING - 988-MUL1349.json，只有一轮,丢弃这个数据
2022-04-24 17:20:58,948 - teacherDataUtils.py - 161 - WARNING - 7112-SNG1155.json，只有一轮,丢弃这个数据
2022-04-24 17:20:59,115 - teacherDataUtils.py - 161 - WARNING - 7256-SNG1299.json，只有一轮,丢弃这个数据
2022-04-24 17:21:02,320 - teacherDataUtils.py - 161 - WARNING - 658-MUL0926.json，只有一轮,丢弃这个数据
2022-04-24 17:21:03,188 - teacherDataUtils.py - 161 - WARNING - 988-MUL1349.json，只有一轮,丢弃这个数据
2022-04-24 17:21:15,653 - teacherDataUtils.py - 161 - WARNING - 7112-SNG1155.json，只有一轮,丢弃这个数据
2022-04-24 17:21:15,825 - teacherDataUtils.py - 161 - WARNING - 7256-SNG1299.json，只有一轮,丢弃这个数据
2022-04-24 17:21:19,110 - teacherDataUtils.py - 161 - WARNING - 658-MUL0926.json，只有一轮,丢弃这个数据
2022-04-24 17:21:19,996 - teacherDataUtils.py - 161 - WARNING - 988-MUL1349.json，只有一轮,丢弃这个数据
2022-04-24 17:21:32,643 - teacherDataUtils.py - 161 - WARNING - 7112-SNG1155.json，只有一轮,丢弃这个数据
2022-04-24 17:21:32,807 - teacherDataUtils.py - 161 - WARNING - 7256-SNG1299.json，只有一轮,丢弃这个数据
2022-04-24 17:21:35,005 - teacherTrainUtils.py - 24 - INFO - load contextual test set......
2022-04-24 17:21:51,393 - teacherTrainUtils.py - 28 - INFO - 1650792111.3935115, start train......
2022-04-24 17:21:51,397 - teacherTrainUtils.py - 51 - INFO - ------Epoch: 0/10------
2022-04-24 17:21:55,190 - teacherTrainUtils.py - 96 - INFO - epoch: 1/10, step: 1/5260, training......, sequential mean loss is 0.7063805460929871, sequential acc is 0.004999999888241291, contextual mean loss is 0.6646223068237305, contextual acc is 0.0062500000931322575
2022-04-24 17:21:55,192 - teacherTrainUtils.py - 106 - WARNING - Iter:0/5260, strat evaluate on testset
2022-04-24 17:24:08,609 - teacherTrainUtils.py - 123 - WARNING - epoch: 1/10, step: 1/5260, sequential mean loss is 0.6979357600212097, sequential acc is 0.49659454822540283, contextual mean loss is 0.6974921822547913, contextual acc is 0.5004006624221802. *
2022-04-24 17:25:05,084 - teacherTrainUtils.py - 96 - INFO - epoch: 1/10, step: 101/5260, training......, sequential mean loss is 0.6968576908111572, sequential acc is 0.4962500035762787, contextual mean loss is 0.696044385433197, contextual acc is 0.5024999976158142
2022-04-24 17:26:01,509 - teacherTrainUtils.py - 96 - INFO - epoch: 1/10, step: 201/5260, training......, sequential mean loss is 0.6931318640708923, sequential acc is 0.5024999976158142, contextual mean loss is 0.6985109448432922, contextual acc is 0.48249998688697815
2022-04-24 17:26:57,984 - teacherTrainUtils.py - 96 - INFO - epoch: 1/10, step: 301/5260, training......, sequential mean loss is 0.6865267753601074, sequential acc is 0.5562499761581421, contextual mean loss is 0.6965845227241516, contextual acc is 0.48500001430511475
2022-04-24 17:27:54,459 - teacherTrainUtils.py - 96 - INFO - epoch: 1/10, step: 401/5260, training......, sequential mean loss is 0.6733343005180359, sequential acc is 0.6112499833106995, contextual mean loss is 0.6889702677726746, contextual acc is 0.5450000166893005
2022-04-24 17:28:50,949 - teacherTrainUtils.py - 96 - INFO - epoch: 1/10, step: 501/5260, training......, sequential mean loss is 0.6279388666152954, sequential acc is 0.6962500214576721, contextual mean loss is 0.6768292188644409, contextual acc is 0.5774999856948853
2022-04-24 17:29:47,459 - teacherTrainUtils.py - 96 - INFO - epoch: 1/10, step: 601/5260, training......, sequential mean loss is 0.5741716623306274, sequential acc is 0.737500011920929, contextual mean loss is 0.6710877418518066, contextual acc is 0.6025000214576721
2022-04-24 17:30:43,973 - teacherTrainUtils.py - 96 - INFO - epoch: 1/10, step: 701/5260, training......, sequential mean loss is 0.5315395593643188, sequential acc is 0.7612500190734863, contextual mean loss is 0.6444430351257324, contextual acc is 0.6600000262260437
2022-04-24 17:31:40,510 - teacherTrainUtils.py - 96 - INFO - epoch: 1/10, step: 801/5260, training......, sequential mean loss is 0.4845142662525177, sequential acc is 0.8125, contextual mean loss is 0.6269979476928711, contextual acc is 0.6712499856948853
2022-04-24 17:32:37,055 - teacherTrainUtils.py - 96 - INFO - epoch: 1/10, step: 901/5260, training......, sequential mean loss is 0.46601662039756775, sequential acc is 0.8125, contextual mean loss is 0.6129509806632996, contextual acc is 0.6912500262260437
2022-04-24 17:33:33,597 - teacherTrainUtils.py - 96 - INFO - epoch: 1/10, step: 1001/5260, training......, sequential mean loss is 0.42445316910743713, sequential acc is 0.8299999833106995, contextual mean loss is 0.5660746097564697, contextual acc is 0.737500011920929
2022-04-24 17:34:30,191 - teacherTrainUtils.py - 96 - INFO - epoch: 1/10, step: 1101/5260, training......, sequential mean loss is 0.42593514919281006, sequential acc is 0.8112499713897705, contextual mean loss is 0.567737340927124, contextual acc is 0.7137500047683716
2022-04-24 17:35:26,781 - teacherTrainUtils.py - 96 - INFO - epoch: 1/10, step: 1201/5260, training......, sequential mean loss is 0.38929587602615356, sequential acc is 0.831250011920929, contextual mean loss is 0.5211688876152039, contextual acc is 0.7637500166893005
2022-04-24 17:36:23,373 - teacherTrainUtils.py - 96 - INFO - epoch: 1/10, step: 1301/5260, training......, sequential mean loss is 0.3777318596839905, sequential acc is 0.8337500095367432, contextual mean loss is 0.5084187388420105, contextual acc is 0.7512500286102295
2022-04-24 17:37:19,942 - teacherTrainUtils.py - 96 - INFO - epoch: 1/10, step: 1401/5260, training......, sequential mean loss is 0.3647654056549072, sequential acc is 0.8512499928474426, contextual mean loss is 0.5072986483573914, contextual acc is 0.7574999928474426
2022-04-24 17:38:16,504 - teacherTrainUtils.py - 96 - INFO - epoch: 1/10, step: 1501/5260, training......, sequential mean loss is 0.32864025235176086, sequential acc is 0.8662499785423279, contextual mean loss is 0.4701961576938629, contextual acc is 0.7737500071525574
2022-04-24 17:39:13,084 - teacherTrainUtils.py - 96 - INFO - epoch: 1/10, step: 1601/5260, training......, sequential mean loss is 0.27856260538101196, sequential acc is 0.893750011920929, contextual mean loss is 0.44406452775001526, contextual acc is 0.8062499761581421
2022-04-24 17:40:09,700 - teacherTrainUtils.py - 96 - INFO - epoch: 1/10, step: 1701/5260, training......, sequential mean loss is 0.2970770597457886, sequential acc is 0.8799999952316284, contextual mean loss is 0.40231963992118835, contextual acc is 0.8299999833106995
2022-04-24 17:41:06,288 - teacherTrainUtils.py - 96 - INFO - epoch: 1/10, step: 1801/5260, training......, sequential mean loss is 0.29907190799713135, sequential acc is 0.8812500238418579, contextual mean loss is 0.4216451942920685, contextual acc is 0.8075000047683716
2022-04-24 17:42:02,876 - teacherTrainUtils.py - 96 - INFO - epoch: 1/10, step: 1901/5260, training......, sequential mean loss is 0.26874974370002747, sequential acc is 0.8999999761581421, contextual mean loss is 0.39517563581466675, contextual acc is 0.8287500143051147
2022-04-24 17:42:59,480 - teacherTrainUtils.py - 96 - INFO - epoch: 1/10, step: 2001/5260, training......, sequential mean loss is 0.25141188502311707, sequential acc is 0.9024999737739563, contextual mean loss is 0.37154045701026917, contextual acc is 0.8387500047683716
2022-04-24 17:43:56,076 - teacherTrainUtils.py - 96 - INFO - epoch: 1/10, step: 2101/5260, training......, sequential mean loss is 0.2629742920398712, sequential acc is 0.8924999833106995, contextual mean loss is 0.35466980934143066, contextual acc is 0.8537499904632568
2022-04-24 17:44:52,710 - teacherTrainUtils.py - 96 - INFO - epoch: 1/10, step: 2201/5260, training......, sequential mean loss is 0.23433785140514374, sequential acc is 0.9175000190734863, contextual mean loss is 0.34093669056892395, contextual acc is 0.8550000190734863
2022-04-24 17:45:49,325 - teacherTrainUtils.py - 96 - INFO - epoch: 1/10, step: 2301/5260, training......, sequential mean loss is 0.22500735521316528, sequential acc is 0.9137499928474426, contextual mean loss is 0.32541126012802124, contextual acc is 0.8812500238418579
2022-04-24 17:46:45,957 - teacherTrainUtils.py - 96 - INFO - epoch: 1/10, step: 2401/5260, training......, sequential mean loss is 0.21575354039669037, sequential acc is 0.9262499809265137, contextual mean loss is 0.27948495745658875, contextual acc is 0.887499988079071
2022-04-24 17:47:42,575 - teacherTrainUtils.py - 96 - INFO - epoch: 1/10, step: 2501/5260, training......, sequential mean loss is 0.21224065124988556, sequential acc is 0.925000011920929, contextual mean loss is 0.2978476285934448, contextual acc is 0.8862500190734863
2022-04-24 17:48:39,203 - teacherTrainUtils.py - 96 - INFO - epoch: 1/10, step: 2601/5260, training......, sequential mean loss is 0.19674178957939148, sequential acc is 0.9237499833106995, contextual mean loss is 0.2879895865917206, contextual acc is 0.8887500166893005
2022-04-24 17:49:35,835 - teacherTrainUtils.py - 96 - INFO - epoch: 1/10, step: 2701/5260, training......, sequential mean loss is 0.1675974726676941, sequential acc is 0.9362499713897705, contextual mean loss is 0.2846912145614624, contextual acc is 0.8812500238418579
2022-04-24 17:50:32,469 - teacherTrainUtils.py - 96 - INFO - epoch: 1/10, step: 2801/5260, training......, sequential mean loss is 0.1661578118801117, sequential acc is 0.9325000047683716, contextual mean loss is 0.3073867857456207, contextual acc is 0.8774999976158142
2022-04-24 17:51:29,092 - teacherTrainUtils.py - 96 - INFO - epoch: 1/10, step: 2901/5260, training......, sequential mean loss is 0.16986383497714996, sequential acc is 0.9399999976158142, contextual mean loss is 0.26336997747421265, contextual acc is 0.90625
2022-04-24 17:52:25,731 - teacherTrainUtils.py - 96 - INFO - epoch: 1/10, step: 3001/5260, training......, sequential mean loss is 0.14588530361652374, sequential acc is 0.9462500214576721, contextual mean loss is 0.2280748188495636, contextual acc is 0.9200000166893005
2022-04-24 17:52:25,732 - teacherTrainUtils.py - 106 - WARNING - Iter:3000/5260, strat evaluate on testset
2022-04-24 17:54:39,434 - teacherTrainUtils.py - 123 - WARNING - epoch: 1/10, step: 3001/5260, sequential mean loss is 0.17478108406066895, sequential acc is 0.9403044581413269, contextual mean loss is 0.2775353193283081, contextual acc is 0.8978365659713745. *
2022-04-24 17:55:36,095 - teacherTrainUtils.py - 96 - INFO - epoch: 1/10, step: 3101/5260, training......, sequential mean loss is 0.12832196056842804, sequential acc is 0.956250011920929, contextual mean loss is 0.24985675513744354, contextual acc is 0.8987500071525574
2022-04-24 17:56:32,756 - teacherTrainUtils.py - 96 - INFO - epoch: 1/10, step: 3201/5260, training......, sequential mean loss is 0.14608179032802582, sequential acc is 0.9549999833106995, contextual mean loss is 0.23603542149066925, contextual acc is 0.9112499952316284
2022-04-24 17:57:29,409 - teacherTrainUtils.py - 96 - INFO - epoch: 1/10, step: 3301/5260, training......, sequential mean loss is 0.17664827406406403, sequential acc is 0.9412500262260437, contextual mean loss is 0.21478407084941864, contextual acc is 0.9237499833106995
2022-04-24 17:58:26,080 - teacherTrainUtils.py - 96 - INFO - epoch: 1/10, step: 3401/5260, training......, sequential mean loss is 0.18796567618846893, sequential acc is 0.9287499785423279, contextual mean loss is 0.22420278191566467, contextual acc is 0.9137499928474426
2022-04-24 17:59:22,762 - teacherTrainUtils.py - 96 - INFO - epoch: 1/10, step: 3501/5260, training......, sequential mean loss is 0.17804838716983795, sequential acc is 0.9275000095367432, contextual mean loss is 0.2468939572572708, contextual acc is 0.9075000286102295
2022-04-24 18:00:19,453 - teacherTrainUtils.py - 96 - INFO - epoch: 1/10, step: 3601/5260, training......, sequential mean loss is 0.17855022847652435, sequential acc is 0.9337499737739563, contextual mean loss is 0.24855618178844452, contextual acc is 0.9087499976158142
2022-04-24 18:01:16,139 - teacherTrainUtils.py - 96 - INFO - epoch: 1/10, step: 3701/5260, training......, sequential mean loss is 0.21798139810562134, sequential acc is 0.9212499856948853, contextual mean loss is 0.2372288852930069, contextual acc is 0.9075000286102295
2022-04-24 18:02:12,824 - teacherTrainUtils.py - 96 - INFO - epoch: 1/10, step: 3801/5260, training......, sequential mean loss is 0.14517417550086975, sequential acc is 0.9462500214576721, contextual mean loss is 0.23044976592063904, contextual acc is 0.9125000238418579
2022-04-24 18:03:09,520 - teacherTrainUtils.py - 96 - INFO - epoch: 1/10, step: 3901/5260, training......, sequential mean loss is 0.17862029373645782, sequential acc is 0.9275000095367432, contextual mean loss is 0.20593923330307007, contextual acc is 0.9162499904632568
2022-04-24 18:04:06,206 - teacherTrainUtils.py - 96 - INFO - epoch: 1/10, step: 4001/5260, training......, sequential mean loss is 0.1455652117729187, sequential acc is 0.9462500214576721, contextual mean loss is 0.2155160754919052, contextual acc is 0.9137499928474426
2022-04-24 18:05:02,898 - teacherTrainUtils.py - 96 - INFO - epoch: 1/10, step: 4101/5260, training......, sequential mean loss is 0.1372760534286499, sequential acc is 0.9474999904632568, contextual mean loss is 0.20121245086193085, contextual acc is 0.9275000095367432
2022-04-24 18:05:59,582 - teacherTrainUtils.py - 96 - INFO - epoch: 1/10, step: 4201/5260, training......, sequential mean loss is 0.15265192091464996, sequential acc is 0.9424999952316284, contextual mean loss is 0.22196713089942932, contextual acc is 0.9150000214576721
2022-04-24 18:06:56,239 - teacherTrainUtils.py - 96 - INFO - epoch: 1/10, step: 4301/5260, training......, sequential mean loss is 0.16590917110443115, sequential acc is 0.9362499713897705, contextual mean loss is 0.20267902314662933, contextual acc is 0.9237499833106995
2022-04-24 18:07:52,894 - teacherTrainUtils.py - 96 - INFO - epoch: 1/10, step: 4401/5260, training......, sequential mean loss is 0.1467832624912262, sequential acc is 0.9487500190734863, contextual mean loss is 0.18604078888893127, contextual acc is 0.9287499785423279
2022-04-24 18:08:49,568 - teacherTrainUtils.py - 96 - INFO - epoch: 1/10, step: 4501/5260, training......, sequential mean loss is 0.12039133906364441, sequential acc is 0.9524999856948853, contextual mean loss is 0.2161489725112915, contextual acc is 0.9225000143051147
2022-04-24 18:09:46,245 - teacherTrainUtils.py - 96 - INFO - epoch: 1/10, step: 4601/5260, training......, sequential mean loss is 0.14319556951522827, sequential acc is 0.9537500143051147, contextual mean loss is 0.23053184151649475, contextual acc is 0.9175000190734863
2022-04-24 18:10:42,904 - teacherTrainUtils.py - 96 - INFO - epoch: 1/10, step: 4701/5260, training......, sequential mean loss is 0.16657903790473938, sequential acc is 0.9375, contextual mean loss is 0.1926470696926117, contextual acc is 0.9300000071525574
2022-04-24 18:11:39,580 - teacherTrainUtils.py - 96 - INFO - epoch: 1/10, step: 4801/5260, training......, sequential mean loss is 0.15855777263641357, sequential acc is 0.9387500286102295, contextual mean loss is 0.18905222415924072, contextual acc is 0.9350000023841858
2022-04-24 18:12:36,265 - teacherTrainUtils.py - 96 - INFO - epoch: 1/10, step: 4901/5260, training......, sequential mean loss is 0.17246843874454498, sequential acc is 0.9387500286102295, contextual mean loss is 0.23140832781791687, contextual acc is 0.9162499904632568
2022-04-24 18:13:32,966 - teacherTrainUtils.py - 96 - INFO - epoch: 1/10, step: 5001/5260, training......, sequential mean loss is 0.14523805677890778, sequential acc is 0.9512500166893005, contextual mean loss is 0.23573991656303406, contextual acc is 0.9150000214576721
2022-04-24 18:14:29,651 - teacherTrainUtils.py - 96 - INFO - epoch: 1/10, step: 5101/5260, training......, sequential mean loss is 0.1331585794687271, sequential acc is 0.9549999833106995, contextual mean loss is 0.2119067907333374, contextual acc is 0.918749988079071
2022-04-24 18:15:26,346 - teacherTrainUtils.py - 96 - INFO - epoch: 1/10, step: 5201/5260, training......, sequential mean loss is 0.11060572415590286, sequential acc is 0.9512500166893005, contextual mean loss is 0.19594085216522217, contextual acc is 0.9350000023841858
2022-04-24 18:15:59,961 - teacherTrainUtils.py - 51 - INFO - ------Epoch: 1/10------
2022-04-24 18:16:23,851 - teacherTrainUtils.py - 96 - INFO - epoch: 2/10, step: 41/5260, training......, sequential mean loss is 0.10777565091848373, sequential acc is 0.9637500047683716, contextual mean loss is 0.20064878463745117, contextual acc is 0.9287499785423279
2022-04-24 18:17:20,571 - teacherTrainUtils.py - 96 - INFO - epoch: 2/10, step: 141/5260, training......, sequential mean loss is 0.1460031419992447, sequential acc is 0.9524999856948853, contextual mean loss is 0.15019157528877258, contextual acc is 0.9449999928474426
2022-04-24 18:18:17,273 - teacherTrainUtils.py - 96 - INFO - epoch: 2/10, step: 241/5260, training......, sequential mean loss is 0.1187964603304863, sequential acc is 0.9574999809265137, contextual mean loss is 0.2189984768629074, contextual acc is 0.918749988079071
2022-04-24 18:19:13,981 - teacherTrainUtils.py - 96 - INFO - epoch: 2/10, step: 341/5260, training......, sequential mean loss is 0.12222045660018921, sequential acc is 0.9599999785423279, contextual mean loss is 0.22293315827846527, contextual acc is 0.918749988079071
2022-04-24 18:20:10,684 - teacherTrainUtils.py - 96 - INFO - epoch: 2/10, step: 441/5260, training......, sequential mean loss is 0.1454266607761383, sequential acc is 0.9474999904632568, contextual mean loss is 0.17597520351409912, contextual acc is 0.9375
2022-04-24 18:21:07,385 - teacherTrainUtils.py - 96 - INFO - epoch: 2/10, step: 541/5260, training......, sequential mean loss is 0.11904090642929077, sequential acc is 0.9612500071525574, contextual mean loss is 0.18789005279541016, contextual acc is 0.9325000047683716
2022-04-24 18:22:04,104 - teacherTrainUtils.py - 96 - INFO - epoch: 2/10, step: 641/5260, training......, sequential mean loss is 0.13092224299907684, sequential acc is 0.9599999785423279, contextual mean loss is 0.2000686526298523, contextual acc is 0.9275000095367432
2022-04-24 18:23:00,835 - teacherTrainUtils.py - 96 - INFO - epoch: 2/10, step: 741/5260, training......, sequential mean loss is 0.16867637634277344, sequential acc is 0.9399999976158142, contextual mean loss is 0.17457598447799683, contextual acc is 0.9375
2022-04-24 18:23:00,836 - teacherTrainUtils.py - 106 - WARNING - Iter:740/5260, strat evaluate on testset
2022-04-24 18:25:14,907 - teacherTrainUtils.py - 123 - WARNING - epoch: 2/10, step: 741/5260, sequential mean loss is 0.12318173795938492, sequential acc is 0.9573317170143127, contextual mean loss is 0.20804686844348907, contextual acc is 0.9202724099159241. *
2022-04-24 18:26:11,637 - teacherTrainUtils.py - 96 - INFO - epoch: 2/10, step: 841/5260, training......, sequential mean loss is 0.10621129721403122, sequential acc is 0.9674999713897705, contextual mean loss is 0.15986259281635284, contextual acc is 0.9437500238418579
2022-04-24 18:27:08,368 - teacherTrainUtils.py - 96 - INFO - epoch: 2/10, step: 941/5260, training......, sequential mean loss is 0.09851600974798203, sequential acc is 0.9649999737739563, contextual mean loss is 0.17989663779735565, contextual acc is 0.9350000023841858
2022-04-24 18:28:05,106 - teacherTrainUtils.py - 96 - INFO - epoch: 2/10, step: 1041/5260, training......, sequential mean loss is 0.13424639403820038, sequential acc is 0.9549999833106995, contextual mean loss is 0.1962118148803711, contextual acc is 0.9312499761581421
2022-04-24 18:29:01,850 - teacherTrainUtils.py - 96 - INFO - epoch: 2/10, step: 1141/5260, training......, sequential mean loss is 0.12466313689947128, sequential acc is 0.9487500190734863, contextual mean loss is 0.17484594881534576, contextual acc is 0.9312499761581421
2022-04-24 18:29:58,608 - teacherTrainUtils.py - 96 - INFO - epoch: 2/10, step: 1241/5260, training......, sequential mean loss is 0.1224450021982193, sequential acc is 0.9574999809265137, contextual mean loss is 0.19710198044776917, contextual acc is 0.9275000095367432
2022-04-24 18:30:55,334 - teacherTrainUtils.py - 96 - INFO - epoch: 2/10, step: 1341/5260, training......, sequential mean loss is 0.09318467974662781, sequential acc is 0.9700000286102295, contextual mean loss is 0.2434181272983551, contextual acc is 0.90625
2022-04-24 18:31:52,039 - teacherTrainUtils.py - 96 - INFO - epoch: 2/10, step: 1441/5260, training......, sequential mean loss is 0.12094954401254654, sequential acc is 0.9612500071525574, contextual mean loss is 0.1821639984846115, contextual acc is 0.9375
2022-04-24 18:32:48,759 - teacherTrainUtils.py - 96 - INFO - epoch: 2/10, step: 1541/5260, training......, sequential mean loss is 0.13425348699092865, sequential acc is 0.9574999809265137, contextual mean loss is 0.2018222063779831, contextual acc is 0.9362499713897705
2022-04-24 18:33:45,462 - teacherTrainUtils.py - 96 - INFO - epoch: 2/10, step: 1641/5260, training......, sequential mean loss is 0.14224952459335327, sequential acc is 0.9512500166893005, contextual mean loss is 0.16727690398693085, contextual acc is 0.9387500286102295
2022-04-24 18:34:42,155 - teacherTrainUtils.py - 96 - INFO - epoch: 2/10, step: 1741/5260, training......, sequential mean loss is 0.13270409405231476, sequential acc is 0.9512500166893005, contextual mean loss is 0.1873106062412262, contextual acc is 0.9287499785423279
2022-04-24 18:35:38,850 - teacherTrainUtils.py - 96 - INFO - epoch: 2/10, step: 1841/5260, training......, sequential mean loss is 0.11385874450206757, sequential acc is 0.9549999833106995, contextual mean loss is 0.17178794741630554, contextual acc is 0.9337499737739563
2022-04-24 18:36:35,578 - teacherTrainUtils.py - 96 - INFO - epoch: 2/10, step: 1941/5260, training......, sequential mean loss is 0.11148831248283386, sequential acc is 0.9587500095367432, contextual mean loss is 0.19673192501068115, contextual acc is 0.925000011920929
2022-04-24 18:37:32,312 - teacherTrainUtils.py - 96 - INFO - epoch: 2/10, step: 2041/5260, training......, sequential mean loss is 0.10788615047931671, sequential acc is 0.9637500047683716, contextual mean loss is 0.14688126742839813, contextual acc is 0.9512500166893005
2022-04-24 18:38:29,060 - teacherTrainUtils.py - 96 - INFO - epoch: 2/10, step: 2141/5260, training......, sequential mean loss is 0.09889478981494904, sequential acc is 0.96875, contextual mean loss is 0.19020973145961761, contextual acc is 0.9312499761581421
2022-04-24 18:39:25,795 - teacherTrainUtils.py - 96 - INFO - epoch: 2/10, step: 2241/5260, training......, sequential mean loss is 0.09852626174688339, sequential acc is 0.9662500023841858, contextual mean loss is 0.146323561668396, contextual acc is 0.9449999928474426
2022-04-24 18:40:22,533 - teacherTrainUtils.py - 96 - INFO - epoch: 2/10, step: 2341/5260, training......, sequential mean loss is 0.08647823333740234, sequential acc is 0.96875, contextual mean loss is 0.1601479947566986, contextual acc is 0.9387500286102295
2022-04-24 18:41:19,250 - teacherTrainUtils.py - 96 - INFO - epoch: 2/10, step: 2441/5260, training......, sequential mean loss is 0.09673962742090225, sequential acc is 0.9649999737739563, contextual mean loss is 0.14794613420963287, contextual acc is 0.9424999952316284
2022-04-24 18:42:15,980 - teacherTrainUtils.py - 96 - INFO - epoch: 2/10, step: 2541/5260, training......, sequential mean loss is 0.10705890506505966, sequential acc is 0.9649999737739563, contextual mean loss is 0.1539888232946396, contextual acc is 0.949999988079071
2022-04-24 18:43:12,718 - teacherTrainUtils.py - 96 - INFO - epoch: 2/10, step: 2641/5260, training......, sequential mean loss is 0.10674700140953064, sequential acc is 0.9599999785423279, contextual mean loss is 0.17083969712257385, contextual acc is 0.9387500286102295
2022-04-24 18:44:09,450 - teacherTrainUtils.py - 96 - INFO - epoch: 2/10, step: 2741/5260, training......, sequential mean loss is 0.10772667825222015, sequential acc is 0.9662500023841858, contextual mean loss is 0.19367794692516327, contextual acc is 0.9225000143051147
2022-04-24 18:45:06,187 - teacherTrainUtils.py - 96 - INFO - epoch: 2/10, step: 2841/5260, training......, sequential mean loss is 0.12467146664857864, sequential acc is 0.9462500214576721, contextual mean loss is 0.17341604828834534, contextual acc is 0.9362499713897705
2022-04-24 18:46:02,929 - teacherTrainUtils.py - 96 - INFO - epoch: 2/10, step: 2941/5260, training......, sequential mean loss is 0.10141859948635101, sequential acc is 0.9700000286102295, contextual mean loss is 0.12899190187454224, contextual acc is 0.949999988079071
2022-04-24 18:46:59,674 - teacherTrainUtils.py - 96 - INFO - epoch: 2/10, step: 3041/5260, training......, sequential mean loss is 0.11522930860519409, sequential acc is 0.9549999833106995, contextual mean loss is 0.2265753597021103, contextual acc is 0.9200000166893005
2022-04-24 18:47:56,427 - teacherTrainUtils.py - 96 - INFO - epoch: 2/10, step: 3141/5260, training......, sequential mean loss is 0.13450445234775543, sequential acc is 0.9537500143051147, contextual mean loss is 0.2215052992105484, contextual acc is 0.9162499904632568
2022-04-24 18:48:53,182 - teacherTrainUtils.py - 96 - INFO - epoch: 2/10, step: 3241/5260, training......, sequential mean loss is 0.10406307876110077, sequential acc is 0.9637500047683716, contextual mean loss is 0.14963138103485107, contextual acc is 0.9437500238418579
2022-04-24 18:49:49,929 - teacherTrainUtils.py - 96 - INFO - epoch: 2/10, step: 3341/5260, training......, sequential mean loss is 0.10588391125202179, sequential acc is 0.9612500071525574, contextual mean loss is 0.13753551244735718, contextual acc is 0.9612500071525574
2022-04-24 18:50:46,675 - teacherTrainUtils.py - 96 - INFO - epoch: 2/10, step: 3441/5260, training......, sequential mean loss is 0.10913396626710892, sequential acc is 0.9587500095367432, contextual mean loss is 0.13104474544525146, contextual acc is 0.9549999833106995
2022-04-24 18:51:43,411 - teacherTrainUtils.py - 96 - INFO - epoch: 2/10, step: 3541/5260, training......, sequential mean loss is 0.11709629744291306, sequential acc is 0.9549999833106995, contextual mean loss is 0.19138725101947784, contextual acc is 0.9362499713897705
2022-04-24 18:52:40,162 - teacherTrainUtils.py - 96 - INFO - epoch: 2/10, step: 3641/5260, training......, sequential mean loss is 0.09000639617443085, sequential acc is 0.96875, contextual mean loss is 0.14885863661766052, contextual acc is 0.9449999928474426
2022-04-24 18:53:36,910 - teacherTrainUtils.py - 96 - INFO - epoch: 2/10, step: 3741/5260, training......, sequential mean loss is 0.1464754194021225, sequential acc is 0.949999988079071, contextual mean loss is 0.22953251004219055, contextual acc is 0.9037500023841858
2022-04-24 18:53:36,912 - teacherTrainUtils.py - 106 - WARNING - Iter:3740/5260, strat evaluate on testset
2022-04-24 18:55:50,773 - teacherTrainUtils.py - 123 - WARNING - epoch: 2/10, step: 3741/5260, sequential mean loss is 0.4009554386138916, sequential acc is 0.8187099099159241, contextual mean loss is 0.44721633195877075, contextual acc is 0.7856570482254028. 
2022-04-24 18:56:47,514 - teacherTrainUtils.py - 96 - INFO - epoch: 2/10, step: 3841/5260, training......, sequential mean loss is 0.3975948989391327, sequential acc is 0.8187500238418579, contextual mean loss is 0.41248705983161926, contextual acc is 0.800000011920929
2022-04-24 18:57:44,253 - teacherTrainUtils.py - 96 - INFO - epoch: 2/10, step: 3941/5260, training......, sequential mean loss is 0.4621099531650543, sequential acc is 0.7737500071525574, contextual mean loss is 0.529202401638031, contextual acc is 0.7537500262260437
2022-04-24 18:58:40,989 - teacherTrainUtils.py - 96 - INFO - epoch: 2/10, step: 4041/5260, training......, sequential mean loss is 0.3142862021923065, sequential acc is 0.8675000071525574, contextual mean loss is 0.4362870156764984, contextual acc is 0.7950000166893005
2022-04-24 18:59:37,713 - teacherTrainUtils.py - 96 - INFO - epoch: 2/10, step: 4141/5260, training......, sequential mean loss is 0.26172423362731934, sequential acc is 0.8974999785423279, contextual mean loss is 0.3616354763507843, contextual acc is 0.8450000286102295
2022-04-24 19:00:34,451 - teacherTrainUtils.py - 96 - INFO - epoch: 2/10, step: 4241/5260, training......, sequential mean loss is 0.2302098274230957, sequential acc is 0.9162499904632568, contextual mean loss is 0.2978191077709198, contextual acc is 0.8762500286102295
2022-04-24 19:01:31,184 - teacherTrainUtils.py - 96 - INFO - epoch: 2/10, step: 4341/5260, training......, sequential mean loss is 0.16454847157001495, sequential acc is 0.9412500262260437, contextual mean loss is 0.2867712676525116, contextual acc is 0.8899999856948853
2022-04-24 19:02:27,932 - teacherTrainUtils.py - 96 - INFO - epoch: 2/10, step: 4441/5260, training......, sequential mean loss is 0.19115550816059113, sequential acc is 0.9337499737739563, contextual mean loss is 0.26431503891944885, contextual acc is 0.887499988079071
2022-04-24 19:03:24,656 - teacherTrainUtils.py - 96 - INFO - epoch: 2/10, step: 4541/5260, training......, sequential mean loss is 0.16409634053707123, sequential acc is 0.9449999928474426, contextual mean loss is 0.23450584709644318, contextual acc is 0.8999999761581421
2022-04-24 19:04:21,411 - teacherTrainUtils.py - 96 - INFO - epoch: 2/10, step: 4641/5260, training......, sequential mean loss is 0.13298803567886353, sequential acc is 0.9487500190734863, contextual mean loss is 0.2411152720451355, contextual acc is 0.9075000286102295
2022-04-24 19:05:18,157 - teacherTrainUtils.py - 96 - INFO - epoch: 2/10, step: 4741/5260, training......, sequential mean loss is 0.142935112118721, sequential acc is 0.9449999928474426, contextual mean loss is 0.26721957325935364, contextual acc is 0.8974999785423279
2022-04-24 19:06:14,902 - teacherTrainUtils.py - 96 - INFO - epoch: 2/10, step: 4841/5260, training......, sequential mean loss is 0.11217346787452698, sequential acc is 0.9612500071525574, contextual mean loss is 0.2227308303117752, contextual acc is 0.9137499928474426
2022-04-24 19:07:11,629 - teacherTrainUtils.py - 96 - INFO - epoch: 2/10, step: 4941/5260, training......, sequential mean loss is 0.13802649080753326, sequential acc is 0.9437500238418579, contextual mean loss is 0.20155906677246094, contextual acc is 0.9237499833106995
2022-04-24 19:08:08,342 - teacherTrainUtils.py - 96 - INFO - epoch: 2/10, step: 5041/5260, training......, sequential mean loss is 0.14587156474590302, sequential acc is 0.9512500166893005, contextual mean loss is 0.2315809428691864, contextual acc is 0.9125000238418579
2022-04-24 19:09:05,077 - teacherTrainUtils.py - 96 - INFO - epoch: 2/10, step: 5141/5260, training......, sequential mean loss is 0.17457666993141174, sequential acc is 0.9262499809265137, contextual mean loss is 0.21902096271514893, contextual acc is 0.9162499904632568
2022-04-24 19:10:01,818 - teacherTrainUtils.py - 96 - INFO - epoch: 2/10, step: 5241/5260, training......, sequential mean loss is 0.14723408222198486, sequential acc is 0.9424999952316284, contextual mean loss is 0.1945282518863678, contextual acc is 0.9325000047683716
2022-04-24 19:10:12,801 - teacherTrainUtils.py - 51 - INFO - ------Epoch: 2/10------
2022-04-24 19:10:59,422 - teacherTrainUtils.py - 96 - INFO - epoch: 3/10, step: 81/5260, training......, sequential mean loss is 0.10663382709026337, sequential acc is 0.9674999713897705, contextual mean loss is 0.20524562895298004, contextual acc is 0.9300000071525574
2022-04-24 19:11:56,173 - teacherTrainUtils.py - 96 - INFO - epoch: 3/10, step: 181/5260, training......, sequential mean loss is 0.09935925155878067, sequential acc is 0.9649999737739563, contextual mean loss is 0.1677318811416626, contextual acc is 0.9337499737739563
2022-04-24 19:12:52,920 - teacherTrainUtils.py - 96 - INFO - epoch: 3/10, step: 281/5260, training......, sequential mean loss is 0.10044044256210327, sequential acc is 0.9587500095367432, contextual mean loss is 0.19822795689105988, contextual acc is 0.9312499761581421
2022-04-24 19:13:49,678 - teacherTrainUtils.py - 96 - INFO - epoch: 3/10, step: 381/5260, training......, sequential mean loss is 0.11446479707956314, sequential acc is 0.9624999761581421, contextual mean loss is 0.2118101567029953, contextual acc is 0.925000011920929
2022-04-24 19:14:46,429 - teacherTrainUtils.py - 96 - INFO - epoch: 3/10, step: 481/5260, training......, sequential mean loss is 0.14199425280094147, sequential acc is 0.9462500214576721, contextual mean loss is 0.1899057924747467, contextual acc is 0.9300000071525574
2022-04-24 19:15:43,174 - teacherTrainUtils.py - 96 - INFO - epoch: 3/10, step: 581/5260, training......, sequential mean loss is 0.1196957603096962, sequential acc is 0.9612500071525574, contextual mean loss is 0.19830209016799927, contextual acc is 0.9300000071525574
2022-04-24 19:16:39,923 - teacherTrainUtils.py - 96 - INFO - epoch: 3/10, step: 681/5260, training......, sequential mean loss is 0.1011931300163269, sequential acc is 0.9649999737739563, contextual mean loss is 0.1506175547838211, contextual acc is 0.9449999928474426
2022-04-24 19:17:36,653 - teacherTrainUtils.py - 96 - INFO - epoch: 3/10, step: 781/5260, training......, sequential mean loss is 0.09824809432029724, sequential acc is 0.9649999737739563, contextual mean loss is 0.16375114023685455, contextual acc is 0.9462500214576721
2022-04-24 19:18:33,378 - teacherTrainUtils.py - 96 - INFO - epoch: 3/10, step: 881/5260, training......, sequential mean loss is 0.16805484890937805, sequential acc is 0.9375, contextual mean loss is 0.24949392676353455, contextual acc is 0.8974999785423279
2022-04-24 19:19:30,132 - teacherTrainUtils.py - 96 - INFO - epoch: 3/10, step: 981/5260, training......, sequential mean loss is 0.10935152322053909, sequential acc is 0.9624999761581421, contextual mean loss is 0.23556183278560638, contextual acc is 0.9112499952316284
2022-04-24 19:20:26,884 - teacherTrainUtils.py - 96 - INFO - epoch: 3/10, step: 1081/5260, training......, sequential mean loss is 0.12914060056209564, sequential acc is 0.9549999833106995, contextual mean loss is 0.14380531013011932, contextual acc is 0.9537500143051147
2022-04-24 19:21:23,641 - teacherTrainUtils.py - 96 - INFO - epoch: 3/10, step: 1181/5260, training......, sequential mean loss is 0.12969128787517548, sequential acc is 0.9612500071525574, contextual mean loss is 0.1795959621667862, contextual acc is 0.9350000023841858
2022-04-24 19:22:20,404 - teacherTrainUtils.py - 96 - INFO - epoch: 3/10, step: 1281/5260, training......, sequential mean loss is 0.12118148803710938, sequential acc is 0.9549999833106995, contextual mean loss is 0.19775766134262085, contextual acc is 0.9387500286102295
2022-04-24 19:23:17,157 - teacherTrainUtils.py - 96 - INFO - epoch: 3/10, step: 1381/5260, training......, sequential mean loss is 0.13659819960594177, sequential acc is 0.9524999856948853, contextual mean loss is 0.15307995676994324, contextual acc is 0.9449999928474426
2022-04-24 19:24:13,918 - teacherTrainUtils.py - 96 - INFO - epoch: 3/10, step: 1481/5260, training......, sequential mean loss is 0.10467071831226349, sequential acc is 0.9599999785423279, contextual mean loss is 0.16378946602344513, contextual acc is 0.9350000023841858
2022-04-24 19:24:13,920 - teacherTrainUtils.py - 106 - WARNING - Iter:1480/5260, strat evaluate on testset
2022-04-24 19:26:27,969 - teacherTrainUtils.py - 123 - WARNING - epoch: 3/10, step: 1481/5260, sequential mean loss is 0.12850412726402283, sequential acc is 0.9527243375778198, contextual mean loss is 0.18337848782539368, contextual acc is 0.9342948794364929. *
2022-04-24 19:27:24,702 - teacherTrainUtils.py - 96 - INFO - epoch: 3/10, step: 1581/5260, training......, sequential mean loss is 0.09692410379648209, sequential acc is 0.9649999737739563, contextual mean loss is 0.16304486989974976, contextual acc is 0.9437500238418579
2022-04-24 19:28:21,430 - teacherTrainUtils.py - 96 - INFO - epoch: 3/10, step: 1681/5260, training......, sequential mean loss is 0.4795616567134857, sequential acc is 0.6812499761581421, contextual mean loss is 0.5207234621047974, contextual acc is 0.6587499976158142
2022-04-24 19:29:18,173 - teacherTrainUtils.py - 96 - INFO - epoch: 3/10, step: 1781/5260, training......, sequential mean loss is 0.6944122910499573, sequential acc is 0.5137500166893005, contextual mean loss is 0.6946648359298706, contextual acc is 0.518750011920929
2022-04-24 19:30:14,942 - teacherTrainUtils.py - 96 - INFO - epoch: 3/10, step: 1881/5260, training......, sequential mean loss is 0.6954854726791382, sequential acc is 0.5012500286102295, contextual mean loss is 0.696774423122406, contextual acc is 0.47999998927116394
2022-04-24 19:31:11,702 - teacherTrainUtils.py - 96 - INFO - epoch: 3/10, step: 1981/5260, training......, sequential mean loss is 0.694561779499054, sequential acc is 0.48374998569488525, contextual mean loss is 0.6930985450744629, contextual acc is 0.5162500143051147
2022-04-24 19:32:08,464 - teacherTrainUtils.py - 96 - INFO - epoch: 3/10, step: 2081/5260, training......, sequential mean loss is 0.6944798231124878, sequential acc is 0.5012500286102295, contextual mean loss is 0.6949571371078491, contextual acc is 0.5074999928474426
2022-04-24 19:33:05,220 - teacherTrainUtils.py - 96 - INFO - epoch: 3/10, step: 2181/5260, training......, sequential mean loss is 0.6952609419822693, sequential acc is 0.5012500286102295, contextual mean loss is 0.6941770315170288, contextual acc is 0.4987500011920929
2022-04-24 19:34:01,984 - teacherTrainUtils.py - 96 - INFO - epoch: 3/10, step: 2281/5260, training......, sequential mean loss is 0.6943675875663757, sequential acc is 0.47749999165534973, contextual mean loss is 0.6945666670799255, contextual acc is 0.48750001192092896
2022-04-24 19:34:58,755 - teacherTrainUtils.py - 96 - INFO - epoch: 3/10, step: 2381/5260, training......, sequential mean loss is 0.6924929022789001, sequential acc is 0.5149999856948853, contextual mean loss is 0.6940689086914062, contextual acc is 0.5149999856948853
2022-04-24 19:35:55,525 - teacherTrainUtils.py - 96 - INFO - epoch: 3/10, step: 2481/5260, training......, sequential mean loss is 0.6926489472389221, sequential acc is 0.5262500047683716, contextual mean loss is 0.6949963569641113, contextual acc is 0.5074999928474426
2022-04-24 19:36:52,276 - teacherTrainUtils.py - 96 - INFO - epoch: 3/10, step: 2581/5260, training......, sequential mean loss is 0.6952217817306519, sequential acc is 0.48249998688697815, contextual mean loss is 0.6937048435211182, contextual acc is 0.5099999904632568
2022-04-24 19:37:49,046 - teacherTrainUtils.py - 96 - INFO - epoch: 3/10, step: 2681/5260, training......, sequential mean loss is 0.6963157057762146, sequential acc is 0.4950000047683716, contextual mean loss is 0.6940300464630127, contextual acc is 0.512499988079071
2022-04-24 19:38:45,811 - teacherTrainUtils.py - 96 - INFO - epoch: 3/10, step: 2781/5260, training......, sequential mean loss is 0.6951467394828796, sequential acc is 0.48750001192092896, contextual mean loss is 0.6942050457000732, contextual acc is 0.4987500011920929
2022-04-24 19:39:42,573 - teacherTrainUtils.py - 96 - INFO - epoch: 3/10, step: 2881/5260, training......, sequential mean loss is 0.6947193145751953, sequential acc is 0.4925000071525574, contextual mean loss is 0.6936460137367249, contextual acc is 0.4937500059604645
2022-04-24 19:40:39,327 - teacherTrainUtils.py - 96 - INFO - epoch: 3/10, step: 2981/5260, training......, sequential mean loss is 0.6941269636154175, sequential acc is 0.5074999928474426, contextual mean loss is 0.6948166489601135, contextual acc is 0.5024999976158142
2022-04-24 19:41:36,082 - teacherTrainUtils.py - 96 - INFO - epoch: 3/10, step: 3081/5260, training......, sequential mean loss is 0.6946117281913757, sequential acc is 0.4749999940395355, contextual mean loss is 0.6940687298774719, contextual acc is 0.5149999856948853
2022-04-24 19:42:32,837 - teacherTrainUtils.py - 96 - INFO - epoch: 3/10, step: 3181/5260, training......, sequential mean loss is 0.6967159509658813, sequential acc is 0.4662500023841858, contextual mean loss is 0.6953346729278564, contextual acc is 0.48750001192092896
2022-04-24 19:43:29,597 - teacherTrainUtils.py - 96 - INFO - epoch: 3/10, step: 3281/5260, training......, sequential mean loss is 0.696841299533844, sequential acc is 0.4650000035762787, contextual mean loss is 0.695934534072876, contextual acc is 0.5112500190734863
2022-04-24 19:44:26,356 - teacherTrainUtils.py - 96 - INFO - epoch: 3/10, step: 3381/5260, training......, sequential mean loss is 0.6948994994163513, sequential acc is 0.5224999785423279, contextual mean loss is 0.6936587691307068, contextual acc is 0.5049999952316284
2022-04-24 19:45:23,120 - teacherTrainUtils.py - 96 - INFO - epoch: 3/10, step: 3481/5260, training......, sequential mean loss is 0.6964138746261597, sequential acc is 0.5074999928474426, contextual mean loss is 0.6948855519294739, contextual acc is 0.5162500143051147
2022-04-24 19:46:19,900 - teacherTrainUtils.py - 96 - INFO - epoch: 3/10, step: 3581/5260, training......, sequential mean loss is 0.6949781179428101, sequential acc is 0.48124998807907104, contextual mean loss is 0.6948440074920654, contextual acc is 0.4937500059604645
2022-04-24 19:47:16,662 - teacherTrainUtils.py - 96 - INFO - epoch: 3/10, step: 3681/5260, training......, sequential mean loss is 0.6944671869277954, sequential acc is 0.48374998569488525, contextual mean loss is 0.6972675323486328, contextual acc is 0.4737499952316284
2022-04-24 19:48:13,434 - teacherTrainUtils.py - 96 - INFO - epoch: 3/10, step: 3781/5260, training......, sequential mean loss is 0.6949836611747742, sequential acc is 0.49000000953674316, contextual mean loss is 0.6939435005187988, contextual acc is 0.5037500262260437
