2022-04-24 19:48:57,322 - DiCoSConfig.py - 119 - INFO - ******HYPER-PARAMETERS******
2022-04-24 19:48:57,323 - DiCoSConfig.py - 121 - INFO - exp_purpose: 加入dropout函数系数为 0.5防止过拟合
2022-04-24 19:48:57,323 - DiCoSConfig.py - 121 - INFO - train_path: ./data/MultiWoZ/2.2/processed/train_dials.json
2022-04-24 19:48:57,323 - DiCoSConfig.py - 121 - INFO - test_path: ./data/MultiWoZ/2.2/processed/test_dials.json
2022-04-24 19:48:57,323 - DiCoSConfig.py - 121 - INFO - save_path: ./savedModels/DiCoS/teacher/2022-04-24-19-48-57.pth
2022-04-24 19:48:57,323 - DiCoSConfig.py - 121 - INFO - log_path: ./logs/DiCoS/teacher/2022-04-24-19-48-57.log
2022-04-24 19:48:57,323 - DiCoSConfig.py - 121 - INFO - tensorBoard_path: ./tensorboard/DiCoS/teacher/2022-04-24-19-48-57/
2022-04-24 19:48:57,323 - DiCoSConfig.py - 121 - INFO - require_improvement: 10000
2022-04-24 19:48:57,323 - DiCoSConfig.py - 121 - INFO - num_epochs: 10
2022-04-24 19:48:57,323 - DiCoSConfig.py - 121 - INFO - batch_size: 8
2022-04-24 19:48:57,323 - DiCoSConfig.py - 121 - INFO - pad_size: 512
2022-04-24 19:48:57,323 - DiCoSConfig.py - 121 - INFO - eval_step: 3000
2022-04-24 19:48:57,323 - DiCoSConfig.py - 121 - INFO - learning_rate: 2e-05
2022-04-24 19:48:57,323 - DiCoSConfig.py - 121 - INFO - bert_path: ./pretrained_models/albert_large
2022-04-24 19:48:57,323 - DiCoSConfig.py - 121 - INFO - hidden_size: 768
2022-04-24 19:48:57,323 - DiCoSConfig.py - 121 - INFO - logger: <Logger 2022-04-24-19-48-57 (DEBUG)>
2022-04-24 19:48:57,323 - DiCoSConfig.py - 121 - INFO - tokenizer: PreTrainedTokenizer(name_or_path='./pretrained_models/albert_large', vocab_size=30000, model_max_len=1000000000000000019884624838656, is_fast=False, padding_side='right', truncation_side='right', special_tokens={'bos_token': '[CLS]', 'eos_token': '[SEP]', 'unk_token': '<unk>', 'sep_token': '[SEP]', 'pad_token': '<pad>', 'cls_token': '[CLS]', 'mask_token': AddedToken("[MASK]", rstrip=False, lstrip=True, single_word=False, normalized=False)})
2022-04-24 19:48:57,323 - DiCoSConfig.py - 121 - INFO - device: cuda
2022-04-24 19:48:57,323 - DiCoSConfig.py - 121 - INFO - rate_warmup_steps: 0.2
2022-04-24 19:48:57,323 - DiCoSConfig.py - 121 - INFO - shuffle: True
2022-04-24 19:48:57,324 - DiCoSConfig.py - 121 - INFO - drop_last: True
2022-04-24 19:48:57,324 - DiCoSConfig.py - 121 - INFO - num_workers: 4
2022-04-24 19:48:57,324 - DiCoSConfig.py - 121 - INFO - teacherMultiSample: 5
2022-04-24 19:48:57,324 - DiCoSConfig.py - 121 - INFO - slotTypeNum: 30
2022-04-24 19:48:57,324 - DiCoSConfig.py - 121 - INFO - dict_classify: {'update': 0, 'inherit': 1}
2022-04-24 19:48:57,324 - DiCoSConfig.py - 121 - INFO - maxSlotValue: 16
2022-04-24 19:48:57,324 - DiCoSConfig.py - 121 - INFO - domain: ['hotel', 'train', 'attraction', 'restaurant', 'taxi']
2022-04-24 19:48:57,324 - DiCoSConfig.py - 121 - INFO - dict_sequential: {'unsequential': 0, 'sequential': 1}
2022-04-24 19:48:57,324 - DiCoSConfig.py - 121 - INFO - sequentialChangeProb: 0.5
2022-04-24 19:48:57,324 - DiCoSConfig.py - 121 - INFO - dict_contextual: {'uncontextual': 0, 'contextual': 1}
2022-04-24 19:48:57,324 - DiCoSConfig.py - 121 - INFO - contextualChangeProb: 0.5
2022-04-24 19:48:57,324 - DiCoSConfig.py - 121 - INFO - startTime: 2022-04-24-19-48-57
2022-04-24 19:48:57,324 - DiCoSConfig.py - 121 - INFO - tbWriter: <torch.utils.tensorboard.writer.SummaryWriter object at 0x7f0accf58550>
2022-04-24 19:48:57,324 - DiCoSConfig.py - 122 - INFO - ****************************
2022-04-24 19:49:00,828 - teacherTrainUtils.py - 18 - INFO - load sequential train set......
2022-04-24 19:49:14,919 - teacherDataUtils.py - 161 - WARNING - 658-MUL0926.json，只有一轮,丢弃这个数据
2022-04-24 19:49:15,739 - teacherDataUtils.py - 161 - WARNING - 988-MUL1349.json，只有一轮,丢弃这个数据
2022-04-24 19:49:27,325 - teacherDataUtils.py - 161 - WARNING - 7112-SNG1155.json，只有一轮,丢弃这个数据
2022-04-24 19:49:27,473 - teacherDataUtils.py - 161 - WARNING - 7256-SNG1299.json，只有一轮,丢弃这个数据
2022-04-24 19:49:30,424 - teacherDataUtils.py - 161 - WARNING - 658-MUL0926.json，只有一轮,丢弃这个数据
2022-04-24 19:49:31,243 - teacherDataUtils.py - 161 - WARNING - 988-MUL1349.json，只有一轮,丢弃这个数据
2022-04-24 19:49:42,781 - teacherDataUtils.py - 161 - WARNING - 7112-SNG1155.json，只有一轮,丢弃这个数据
2022-04-24 19:49:42,929 - teacherDataUtils.py - 161 - WARNING - 7256-SNG1299.json，只有一轮,丢弃这个数据
2022-04-24 19:49:45,880 - teacherDataUtils.py - 161 - WARNING - 658-MUL0926.json，只有一轮,丢弃这个数据
2022-04-24 19:49:46,706 - teacherDataUtils.py - 161 - WARNING - 988-MUL1349.json，只有一轮,丢弃这个数据
2022-04-24 19:49:58,247 - teacherDataUtils.py - 161 - WARNING - 7112-SNG1155.json，只有一轮,丢弃这个数据
2022-04-24 19:49:58,395 - teacherDataUtils.py - 161 - WARNING - 7256-SNG1299.json，只有一轮,丢弃这个数据
2022-04-24 19:50:01,348 - teacherDataUtils.py - 161 - WARNING - 658-MUL0926.json，只有一轮,丢弃这个数据
2022-04-24 19:50:02,188 - teacherDataUtils.py - 161 - WARNING - 988-MUL1349.json，只有一轮,丢弃这个数据
2022-04-24 19:50:13,677 - teacherDataUtils.py - 161 - WARNING - 7112-SNG1155.json，只有一轮,丢弃这个数据
2022-04-24 19:50:13,823 - teacherDataUtils.py - 161 - WARNING - 7256-SNG1299.json，只有一轮,丢弃这个数据
2022-04-24 19:50:16,764 - teacherDataUtils.py - 161 - WARNING - 658-MUL0926.json，只有一轮,丢弃这个数据
2022-04-24 19:50:17,600 - teacherDataUtils.py - 161 - WARNING - 988-MUL1349.json，只有一轮,丢弃这个数据
2022-04-24 19:50:29,065 - teacherDataUtils.py - 161 - WARNING - 7112-SNG1155.json，只有一轮,丢弃这个数据
2022-04-24 19:50:29,214 - teacherDataUtils.py - 161 - WARNING - 7256-SNG1299.json，只有一轮,丢弃这个数据
2022-04-24 19:50:31,276 - teacherTrainUtils.py - 20 - INFO - load sequential test set......
2022-04-24 19:50:42,252 - teacherTrainUtils.py - 22 - INFO - load contextual train set......
2022-04-24 19:50:59,986 - teacherDataUtils.py - 161 - WARNING - 658-MUL0926.json，只有一轮,丢弃这个数据
2022-04-24 19:51:00,822 - teacherDataUtils.py - 161 - WARNING - 988-MUL1349.json，只有一轮,丢弃这个数据
2022-04-24 19:51:12,747 - teacherDataUtils.py - 161 - WARNING - 7112-SNG1155.json，只有一轮,丢弃这个数据
2022-04-24 19:51:12,912 - teacherDataUtils.py - 161 - WARNING - 7256-SNG1299.json，只有一轮,丢弃这个数据
2022-04-24 19:51:16,007 - teacherDataUtils.py - 161 - WARNING - 658-MUL0926.json，只有一轮,丢弃这个数据
2022-04-24 19:51:16,852 - teacherDataUtils.py - 161 - WARNING - 988-MUL1349.json，只有一轮,丢弃这个数据
2022-04-24 19:51:28,817 - teacherDataUtils.py - 161 - WARNING - 7112-SNG1155.json，只有一轮,丢弃这个数据
2022-04-24 19:51:28,980 - teacherDataUtils.py - 161 - WARNING - 7256-SNG1299.json，只有一轮,丢弃这个数据
2022-04-24 19:51:32,077 - teacherDataUtils.py - 161 - WARNING - 658-MUL0926.json，只有一轮,丢弃这个数据
2022-04-24 19:51:32,923 - teacherDataUtils.py - 161 - WARNING - 988-MUL1349.json，只有一轮,丢弃这个数据
2022-04-24 19:51:44,844 - teacherDataUtils.py - 161 - WARNING - 7112-SNG1155.json，只有一轮,丢弃这个数据
2022-04-24 19:51:45,003 - teacherDataUtils.py - 161 - WARNING - 7256-SNG1299.json，只有一轮,丢弃这个数据
2022-04-24 19:51:48,117 - teacherDataUtils.py - 161 - WARNING - 658-MUL0926.json，只有一轮,丢弃这个数据
2022-04-24 19:51:48,961 - teacherDataUtils.py - 161 - WARNING - 988-MUL1349.json，只有一轮,丢弃这个数据
2022-04-24 19:52:00,910 - teacherDataUtils.py - 161 - WARNING - 7112-SNG1155.json，只有一轮,丢弃这个数据
2022-04-24 19:52:01,081 - teacherDataUtils.py - 161 - WARNING - 7256-SNG1299.json，只有一轮,丢弃这个数据
2022-04-24 19:52:04,190 - teacherDataUtils.py - 161 - WARNING - 658-MUL0926.json，只有一轮,丢弃这个数据
2022-04-24 19:52:05,037 - teacherDataUtils.py - 161 - WARNING - 988-MUL1349.json，只有一轮,丢弃这个数据
2022-04-24 19:52:16,967 - teacherDataUtils.py - 161 - WARNING - 7112-SNG1155.json，只有一轮,丢弃这个数据
2022-04-24 19:52:17,126 - teacherDataUtils.py - 161 - WARNING - 7256-SNG1299.json，只有一轮,丢弃这个数据
2022-04-24 19:52:19,289 - teacherTrainUtils.py - 24 - INFO - load contextual test set......
2022-04-24 19:52:34,818 - teacherTrainUtils.py - 28 - INFO - 1650801154.8187733, start train......
2022-04-24 19:52:34,822 - teacherTrainUtils.py - 51 - INFO - ------Epoch: 0/10------
2022-04-24 19:52:38,376 - teacherTrainUtils.py - 96 - INFO - epoch: 1/10, step: 1/5260, training......, sequential mean loss is 0.8645782470703125, sequential acc is 0.0024999999441206455, contextual mean loss is 0.6608684659004211, contextual acc is 0.004999999888241291
2022-04-24 19:52:38,377 - teacherTrainUtils.py - 108 - WARNING - Iter:0/5260, strat evaluate on testset
2022-04-24 19:54:52,043 - teacherTrainUtils.py - 125 - WARNING - epoch: 1/10, step: 1/5260, sequential mean loss is 0.6979357600212097, sequential acc is 0.49659454822540283, contextual mean loss is 0.6974921822547913, contextual acc is 0.5004006624221802. *
2022-04-24 19:55:48,520 - teacherTrainUtils.py - 96 - INFO - epoch: 1/10, step: 101/5260, training......, sequential mean loss is 0.7266892194747925, sequential acc is 0.5137500166893005, contextual mean loss is 0.7141364812850952, contextual acc is 0.5199999809265137
2022-04-24 19:56:44,997 - teacherTrainUtils.py - 96 - INFO - epoch: 1/10, step: 201/5260, training......, sequential mean loss is 0.7304805517196655, sequential acc is 0.4937500059604645, contextual mean loss is 0.7265339493751526, contextual acc is 0.4987500011920929
2022-04-24 19:57:41,482 - teacherTrainUtils.py - 96 - INFO - epoch: 1/10, step: 301/5260, training......, sequential mean loss is 0.7165805101394653, sequential acc is 0.5062500238418579, contextual mean loss is 0.7280725240707397, contextual acc is 0.48625001311302185
2022-04-24 19:58:37,992 - teacherTrainUtils.py - 96 - INFO - epoch: 1/10, step: 401/5260, training......, sequential mean loss is 0.7259225249290466, sequential acc is 0.512499988079071, contextual mean loss is 0.7228134870529175, contextual acc is 0.48625001311302185
2022-04-24 19:59:34,494 - teacherTrainUtils.py - 96 - INFO - epoch: 1/10, step: 501/5260, training......, sequential mean loss is 0.7057797908782959, sequential acc is 0.5262500047683716, contextual mean loss is 0.7199030518531799, contextual acc is 0.5162500143051147
2022-04-24 20:00:30,996 - teacherTrainUtils.py - 96 - INFO - epoch: 1/10, step: 601/5260, training......, sequential mean loss is 0.715697169303894, sequential acc is 0.518750011920929, contextual mean loss is 0.7046550512313843, contextual acc is 0.518750011920929
2022-04-24 20:01:27,499 - teacherTrainUtils.py - 96 - INFO - epoch: 1/10, step: 701/5260, training......, sequential mean loss is 0.7006151676177979, sequential acc is 0.5325000286102295, contextual mean loss is 0.7134432792663574, contextual acc is 0.5249999761581421
2022-04-24 20:02:24,027 - teacherTrainUtils.py - 96 - INFO - epoch: 1/10, step: 801/5260, training......, sequential mean loss is 0.6595056653022766, sequential acc is 0.6112499833106995, contextual mean loss is 0.7097358107566833, contextual acc is 0.5037500262260437
2022-04-24 20:03:20,555 - teacherTrainUtils.py - 96 - INFO - epoch: 1/10, step: 901/5260, training......, sequential mean loss is 0.5939041376113892, sequential acc is 0.6937500238418579, contextual mean loss is 0.700133740901947, contextual acc is 0.5550000071525574
2022-04-24 20:04:17,069 - teacherTrainUtils.py - 96 - INFO - epoch: 1/10, step: 1001/5260, training......, sequential mean loss is 0.5517255663871765, sequential acc is 0.7412499785423279, contextual mean loss is 0.6803433895111084, contextual acc is 0.574999988079071
2022-04-24 20:05:13,567 - teacherTrainUtils.py - 96 - INFO - epoch: 1/10, step: 1101/5260, training......, sequential mean loss is 0.5539478063583374, sequential acc is 0.7325000166893005, contextual mean loss is 0.6596325635910034, contextual acc is 0.5899999737739563
2022-04-24 20:06:10,082 - teacherTrainUtils.py - 96 - INFO - epoch: 1/10, step: 1201/5260, training......, sequential mean loss is 0.4871658980846405, sequential acc is 0.7737500071525574, contextual mean loss is 0.6553985476493835, contextual acc is 0.5962499976158142
2022-04-24 20:07:06,619 - teacherTrainUtils.py - 96 - INFO - epoch: 1/10, step: 1301/5260, training......, sequential mean loss is 0.4536459445953369, sequential acc is 0.8062499761581421, contextual mean loss is 0.6495848894119263, contextual acc is 0.6262500286102295
2022-04-24 20:08:03,145 - teacherTrainUtils.py - 96 - INFO - epoch: 1/10, step: 1401/5260, training......, sequential mean loss is 0.4483375549316406, sequential acc is 0.8025000095367432, contextual mean loss is 0.6048561334609985, contextual acc is 0.6612499952316284
2022-04-24 20:08:59,684 - teacherTrainUtils.py - 96 - INFO - epoch: 1/10, step: 1501/5260, training......, sequential mean loss is 0.39195945858955383, sequential acc is 0.8399999737739563, contextual mean loss is 0.5579946041107178, contextual acc is 0.7162500023841858
2022-04-24 20:09:56,210 - teacherTrainUtils.py - 96 - INFO - epoch: 1/10, step: 1601/5260, training......, sequential mean loss is 0.35722118616104126, sequential acc is 0.8575000166893005, contextual mean loss is 0.5456939339637756, contextual acc is 0.7174999713897705
2022-04-24 20:10:52,755 - teacherTrainUtils.py - 96 - INFO - epoch: 1/10, step: 1701/5260, training......, sequential mean loss is 0.3688414692878723, sequential acc is 0.8362500071525574, contextual mean loss is 0.5238413214683533, contextual acc is 0.7412499785423279
2022-04-24 20:11:49,298 - teacherTrainUtils.py - 96 - INFO - epoch: 1/10, step: 1801/5260, training......, sequential mean loss is 0.3499109148979187, sequential acc is 0.8637499809265137, contextual mean loss is 0.5055845975875854, contextual acc is 0.7599999904632568
2022-04-24 20:12:45,865 - teacherTrainUtils.py - 96 - INFO - epoch: 1/10, step: 1901/5260, training......, sequential mean loss is 0.3357997536659241, sequential acc is 0.8612499833106995, contextual mean loss is 0.5071693658828735, contextual acc is 0.7549999952316284
2022-04-24 20:13:42,442 - teacherTrainUtils.py - 96 - INFO - epoch: 1/10, step: 2001/5260, training......, sequential mean loss is 0.2965066432952881, sequential acc is 0.8924999833106995, contextual mean loss is 0.4458750784397125, contextual acc is 0.78125
2022-04-24 20:14:38,983 - teacherTrainUtils.py - 96 - INFO - epoch: 1/10, step: 2101/5260, training......, sequential mean loss is 0.275442898273468, sequential acc is 0.893750011920929, contextual mean loss is 0.4369887411594391, contextual acc is 0.8025000095367432
2022-04-24 20:15:35,539 - teacherTrainUtils.py - 96 - INFO - epoch: 1/10, step: 2201/5260, training......, sequential mean loss is 0.24785485863685608, sequential acc is 0.9049999713897705, contextual mean loss is 0.4019277095794678, contextual acc is 0.8137500286102295
2022-04-24 20:16:32,104 - teacherTrainUtils.py - 96 - INFO - epoch: 1/10, step: 2301/5260, training......, sequential mean loss is 0.2604435086250305, sequential acc is 0.9100000262260437, contextual mean loss is 0.3861158788204193, contextual acc is 0.8450000286102295
2022-04-24 20:17:28,697 - teacherTrainUtils.py - 96 - INFO - epoch: 1/10, step: 2401/5260, training......, sequential mean loss is 0.23164209723472595, sequential acc is 0.9150000214576721, contextual mean loss is 0.31258776783943176, contextual acc is 0.887499988079071
2022-04-24 20:18:25,278 - teacherTrainUtils.py - 96 - INFO - epoch: 1/10, step: 2501/5260, training......, sequential mean loss is 0.22807632386684418, sequential acc is 0.9225000143051147, contextual mean loss is 0.3382793366909027, contextual acc is 0.8550000190734863
2022-04-24 20:19:21,868 - teacherTrainUtils.py - 96 - INFO - epoch: 1/10, step: 2601/5260, training......, sequential mean loss is 0.232325479388237, sequential acc is 0.9150000214576721, contextual mean loss is 0.3562242388725281, contextual acc is 0.8500000238418579
2022-04-24 20:20:18,458 - teacherTrainUtils.py - 96 - INFO - epoch: 1/10, step: 2701/5260, training......, sequential mean loss is 0.20961584150791168, sequential acc is 0.925000011920929, contextual mean loss is 0.32996490597724915, contextual acc is 0.8712499737739563
2022-04-24 20:21:15,029 - teacherTrainUtils.py - 96 - INFO - epoch: 1/10, step: 2801/5260, training......, sequential mean loss is 0.19908231496810913, sequential acc is 0.9262499809265137, contextual mean loss is 0.32816004753112793, contextual acc is 0.8537499904632568
2022-04-24 20:22:11,609 - teacherTrainUtils.py - 96 - INFO - epoch: 1/10, step: 2901/5260, training......, sequential mean loss is 0.2354859858751297, sequential acc is 0.9087499976158142, contextual mean loss is 0.3293028175830841, contextual acc is 0.8537499904632568
2022-04-24 20:23:08,177 - teacherTrainUtils.py - 96 - INFO - epoch: 1/10, step: 3001/5260, training......, sequential mean loss is 0.17066583037376404, sequential acc is 0.9399999976158142, contextual mean loss is 0.2791767418384552, contextual acc is 0.8962500095367432
2022-04-24 20:23:08,179 - teacherTrainUtils.py - 108 - WARNING - Iter:3000/5260, strat evaluate on testset
2022-04-24 20:25:22,055 - teacherTrainUtils.py - 125 - WARNING - epoch: 1/10, step: 3001/5260, sequential mean loss is 0.18223267793655396, sequential acc is 0.9316906929016113, contextual mean loss is 0.30525052547454834, contextual acc is 0.8804086446762085. *
2022-04-24 20:26:18,649 - teacherTrainUtils.py - 96 - INFO - epoch: 1/10, step: 3101/5260, training......, sequential mean loss is 0.16703811287879944, sequential acc is 0.9375, contextual mean loss is 0.31470248103141785, contextual acc is 0.8700000047683716
2022-04-24 20:27:15,242 - teacherTrainUtils.py - 96 - INFO - epoch: 1/10, step: 3201/5260, training......, sequential mean loss is 0.17545494437217712, sequential acc is 0.9362499713897705, contextual mean loss is 0.28482693433761597, contextual acc is 0.887499988079071
2022-04-24 20:28:11,839 - teacherTrainUtils.py - 96 - INFO - epoch: 1/10, step: 3301/5260, training......, sequential mean loss is 0.21982130408287048, sequential acc is 0.9125000238418579, contextual mean loss is 0.28834283351898193, contextual acc is 0.887499988079071
2022-04-24 20:29:08,429 - teacherTrainUtils.py - 96 - INFO - epoch: 1/10, step: 3401/5260, training......, sequential mean loss is 0.21264275908470154, sequential acc is 0.9137499928474426, contextual mean loss is 0.2812572419643402, contextual acc is 0.8837500214576721
2022-04-24 20:30:05,038 - teacherTrainUtils.py - 96 - INFO - epoch: 1/10, step: 3501/5260, training......, sequential mean loss is 0.20376552641391754, sequential acc is 0.9212499856948853, contextual mean loss is 0.25909608602523804, contextual acc is 0.9049999713897705
2022-04-24 20:31:01,640 - teacherTrainUtils.py - 96 - INFO - epoch: 1/10, step: 3601/5260, training......, sequential mean loss is 0.18748754262924194, sequential acc is 0.9412500262260437, contextual mean loss is 0.2716454565525055, contextual acc is 0.8962500095367432
2022-04-24 20:31:58,255 - teacherTrainUtils.py - 96 - INFO - epoch: 1/10, step: 3701/5260, training......, sequential mean loss is 0.22328458726406097, sequential acc is 0.9175000190734863, contextual mean loss is 0.2743484377861023, contextual acc is 0.8912500143051147
2022-04-24 20:32:54,861 - teacherTrainUtils.py - 96 - INFO - epoch: 1/10, step: 3801/5260, training......, sequential mean loss is 0.16980355978012085, sequential acc is 0.9312499761581421, contextual mean loss is 0.26111114025115967, contextual acc is 0.9012500047683716
2022-04-24 20:33:51,486 - teacherTrainUtils.py - 96 - INFO - epoch: 1/10, step: 3901/5260, training......, sequential mean loss is 0.20775482058525085, sequential acc is 0.925000011920929, contextual mean loss is 0.24294131994247437, contextual acc is 0.9100000262260437
2022-04-24 20:34:48,119 - teacherTrainUtils.py - 96 - INFO - epoch: 1/10, step: 4001/5260, training......, sequential mean loss is 0.16430309414863586, sequential acc is 0.9437500238418579, contextual mean loss is 0.25329840183258057, contextual acc is 0.9049999713897705
2022-04-24 20:35:44,775 - teacherTrainUtils.py - 96 - INFO - epoch: 1/10, step: 4101/5260, training......, sequential mean loss is 0.16186892986297607, sequential acc is 0.9437500238418579, contextual mean loss is 0.27583348751068115, contextual acc is 0.8899999856948853
2022-04-24 20:36:41,415 - teacherTrainUtils.py - 96 - INFO - epoch: 1/10, step: 4201/5260, training......, sequential mean loss is 0.14944785833358765, sequential acc is 0.9424999952316284, contextual mean loss is 0.21400198340415955, contextual acc is 0.9275000095367432
2022-04-24 20:37:38,063 - teacherTrainUtils.py - 96 - INFO - epoch: 1/10, step: 4301/5260, training......, sequential mean loss is 0.1856178343296051, sequential acc is 0.9275000095367432, contextual mean loss is 0.2352534681558609, contextual acc is 0.9162499904632568
2022-04-24 20:38:34,707 - teacherTrainUtils.py - 96 - INFO - epoch: 1/10, step: 4401/5260, training......, sequential mean loss is 0.15847016870975494, sequential acc is 0.9399999976158142, contextual mean loss is 0.1906530261039734, contextual acc is 0.9312499761581421
2022-04-24 20:39:31,356 - teacherTrainUtils.py - 96 - INFO - epoch: 1/10, step: 4501/5260, training......, sequential mean loss is 0.15113583207130432, sequential acc is 0.9474999904632568, contextual mean loss is 0.22669310867786407, contextual acc is 0.9200000166893005
2022-04-24 20:40:28,004 - teacherTrainUtils.py - 96 - INFO - epoch: 1/10, step: 4601/5260, training......, sequential mean loss is 0.16376544535160065, sequential acc is 0.9375, contextual mean loss is 0.24218150973320007, contextual acc is 0.9087499976158142
2022-04-24 20:41:24,670 - teacherTrainUtils.py - 96 - INFO - epoch: 1/10, step: 4701/5260, training......, sequential mean loss is 0.16120776534080505, sequential acc is 0.9449999928474426, contextual mean loss is 0.20680761337280273, contextual acc is 0.9225000143051147
2022-04-24 20:42:21,342 - teacherTrainUtils.py - 96 - INFO - epoch: 1/10, step: 4801/5260, training......, sequential mean loss is 0.18357530236244202, sequential acc is 0.9300000071525574, contextual mean loss is 0.22696048021316528, contextual acc is 0.9125000238418579
2022-04-24 20:43:18,005 - teacherTrainUtils.py - 96 - INFO - epoch: 1/10, step: 4901/5260, training......, sequential mean loss is 0.20022495090961456, sequential acc is 0.9287499785423279, contextual mean loss is 0.23972484469413757, contextual acc is 0.9049999713897705
2022-04-24 20:44:14,653 - teacherTrainUtils.py - 96 - INFO - epoch: 1/10, step: 5001/5260, training......, sequential mean loss is 0.14815926551818848, sequential acc is 0.9449999928474426, contextual mean loss is 0.23688726127147675, contextual acc is 0.9150000214576721
2022-04-24 20:45:11,309 - teacherTrainUtils.py - 96 - INFO - epoch: 1/10, step: 5101/5260, training......, sequential mean loss is 0.17872260510921478, sequential acc is 0.9312499761581421, contextual mean loss is 0.21314023435115814, contextual acc is 0.9262499809265137
2022-04-24 20:46:07,944 - teacherTrainUtils.py - 96 - INFO - epoch: 1/10, step: 5201/5260, training......, sequential mean loss is 0.13433238863945007, sequential acc is 0.9524999856948853, contextual mean loss is 0.1832667589187622, contextual acc is 0.9325000047683716
2022-04-24 20:46:41,512 - teacherTrainUtils.py - 51 - INFO - ------Epoch: 1/10------
2022-04-24 20:47:05,271 - teacherTrainUtils.py - 96 - INFO - epoch: 2/10, step: 41/5260, training......, sequential mean loss is 0.13240988552570343, sequential acc is 0.9512500166893005, contextual mean loss is 0.21798299252986908, contextual acc is 0.9287499785423279
2022-04-24 20:48:01,905 - teacherTrainUtils.py - 96 - INFO - epoch: 2/10, step: 141/5260, training......, sequential mean loss is 0.1580776572227478, sequential acc is 0.9449999928474426, contextual mean loss is 0.1788356751203537, contextual acc is 0.9337499737739563
2022-04-24 20:48:58,567 - teacherTrainUtils.py - 96 - INFO - epoch: 2/10, step: 241/5260, training......, sequential mean loss is 0.10666899383068085, sequential acc is 0.9612500071525574, contextual mean loss is 0.21815775334835052, contextual acc is 0.9287499785423279
2022-04-24 20:49:55,226 - teacherTrainUtils.py - 96 - INFO - epoch: 2/10, step: 341/5260, training......, sequential mean loss is 0.13227103650569916, sequential acc is 0.9574999809265137, contextual mean loss is 0.22900430858135223, contextual acc is 0.9162499904632568
2022-04-24 20:50:51,888 - teacherTrainUtils.py - 96 - INFO - epoch: 2/10, step: 441/5260, training......, sequential mean loss is 0.17434339225292206, sequential acc is 0.9362499713897705, contextual mean loss is 0.20107562839984894, contextual acc is 0.9112499952316284
2022-04-24 20:51:48,561 - teacherTrainUtils.py - 96 - INFO - epoch: 2/10, step: 541/5260, training......, sequential mean loss is 0.12903818488121033, sequential acc is 0.9524999856948853, contextual mean loss is 0.19560526311397552, contextual acc is 0.9150000214576721
2022-04-24 20:52:45,244 - teacherTrainUtils.py - 96 - INFO - epoch: 2/10, step: 641/5260, training......, sequential mean loss is 0.12951499223709106, sequential acc is 0.9574999809265137, contextual mean loss is 0.22760997712612152, contextual acc is 0.9137499928474426
2022-04-24 20:53:41,923 - teacherTrainUtils.py - 96 - INFO - epoch: 2/10, step: 741/5260, training......, sequential mean loss is 0.15355363488197327, sequential acc is 0.9437500238418579, contextual mean loss is 0.16911976039409637, contextual acc is 0.9437500238418579
2022-04-24 20:53:41,925 - teacherTrainUtils.py - 108 - WARNING - Iter:740/5260, strat evaluate on testset
2022-04-24 20:55:55,869 - teacherTrainUtils.py - 125 - WARNING - epoch: 2/10, step: 741/5260, sequential mean loss is 0.18713662028312683, sequential acc is 0.9306890964508057, contextual mean loss is 0.22115443646907806, contextual acc is 0.9186698794364929. *
2022-04-24 20:56:52,584 - teacherTrainUtils.py - 96 - INFO - epoch: 2/10, step: 841/5260, training......, sequential mean loss is 0.13955175876617432, sequential acc is 0.9474999904632568, contextual mean loss is 0.18106907606124878, contextual acc is 0.9337499737739563
2022-04-24 20:57:49,288 - teacherTrainUtils.py - 96 - INFO - epoch: 2/10, step: 941/5260, training......, sequential mean loss is 0.12068390101194382, sequential acc is 0.9574999809265137, contextual mean loss is 0.19679351150989532, contextual acc is 0.9312499761581421
2022-04-24 20:58:45,989 - teacherTrainUtils.py - 96 - INFO - epoch: 2/10, step: 1041/5260, training......, sequential mean loss is 0.14545252919197083, sequential acc is 0.9524999856948853, contextual mean loss is 0.18556416034698486, contextual acc is 0.9325000047683716
2022-04-24 20:59:42,715 - teacherTrainUtils.py - 96 - INFO - epoch: 2/10, step: 1141/5260, training......, sequential mean loss is 0.12269020080566406, sequential acc is 0.9599999785423279, contextual mean loss is 0.17149966955184937, contextual acc is 0.9362499713897705
2022-04-24 21:00:39,417 - teacherTrainUtils.py - 96 - INFO - epoch: 2/10, step: 1241/5260, training......, sequential mean loss is 0.1442156732082367, sequential acc is 0.9412500262260437, contextual mean loss is 0.2175557166337967, contextual acc is 0.918749988079071
2022-04-24 21:01:36,125 - teacherTrainUtils.py - 96 - INFO - epoch: 2/10, step: 1341/5260, training......, sequential mean loss is 0.11652466654777527, sequential acc is 0.9537500143051147, contextual mean loss is 0.24258407950401306, contextual acc is 0.9087499976158142
2022-04-24 21:02:32,829 - teacherTrainUtils.py - 96 - INFO - epoch: 2/10, step: 1441/5260, training......, sequential mean loss is 0.12137500941753387, sequential acc is 0.956250011920929, contextual mean loss is 0.207408607006073, contextual acc is 0.918749988079071
2022-04-24 21:03:29,556 - teacherTrainUtils.py - 96 - INFO - epoch: 2/10, step: 1541/5260, training......, sequential mean loss is 0.1337832659482956, sequential acc is 0.9512500166893005, contextual mean loss is 0.18689842522144318, contextual acc is 0.9437500238418579
2022-04-24 21:04:26,285 - teacherTrainUtils.py - 96 - INFO - epoch: 2/10, step: 1641/5260, training......, sequential mean loss is 0.13470172882080078, sequential acc is 0.9574999809265137, contextual mean loss is 0.169619619846344, contextual acc is 0.9399999976158142
2022-04-24 21:05:23,002 - teacherTrainUtils.py - 96 - INFO - epoch: 2/10, step: 1741/5260, training......, sequential mean loss is 0.12090554088354111, sequential acc is 0.956250011920929, contextual mean loss is 0.186756432056427, contextual acc is 0.9237499833106995
2022-04-24 21:06:19,730 - teacherTrainUtils.py - 96 - INFO - epoch: 2/10, step: 1841/5260, training......, sequential mean loss is 0.11143521219491959, sequential acc is 0.9649999737739563, contextual mean loss is 0.18734991550445557, contextual acc is 0.9275000095367432
2022-04-24 21:07:16,453 - teacherTrainUtils.py - 96 - INFO - epoch: 2/10, step: 1941/5260, training......, sequential mean loss is 0.10690542310476303, sequential acc is 0.9624999761581421, contextual mean loss is 0.21623224020004272, contextual acc is 0.9200000166893005
2022-04-24 21:08:13,313 - teacherTrainUtils.py - 96 - INFO - epoch: 2/10, step: 2041/5260, training......, sequential mean loss is 0.13996705412864685, sequential acc is 0.9449999928474426, contextual mean loss is 0.17121994495391846, contextual acc is 0.9462500214576721
2022-04-24 21:09:09,998 - teacherTrainUtils.py - 96 - INFO - epoch: 2/10, step: 2141/5260, training......, sequential mean loss is 0.12406311929225922, sequential acc is 0.9549999833106995, contextual mean loss is 0.22454805672168732, contextual acc is 0.9162499904632568
2022-04-24 21:10:06,663 - teacherTrainUtils.py - 96 - INFO - epoch: 2/10, step: 2241/5260, training......, sequential mean loss is 0.12035707384347916, sequential acc is 0.9624999761581421, contextual mean loss is 0.1750922054052353, contextual acc is 0.9375
2022-04-24 21:11:03,346 - teacherTrainUtils.py - 96 - INFO - epoch: 2/10, step: 2341/5260, training......, sequential mean loss is 0.11864124983549118, sequential acc is 0.9599999785423279, contextual mean loss is 0.16770578920841217, contextual acc is 0.9375
2022-04-24 21:12:00,034 - teacherTrainUtils.py - 96 - INFO - epoch: 2/10, step: 2441/5260, training......, sequential mean loss is 0.120467908680439, sequential acc is 0.9512500166893005, contextual mean loss is 0.16456365585327148, contextual acc is 0.9399999976158142
2022-04-24 21:12:56,723 - teacherTrainUtils.py - 96 - INFO - epoch: 2/10, step: 2541/5260, training......, sequential mean loss is 0.11872666329145432, sequential acc is 0.956250011920929, contextual mean loss is 0.18213729560375214, contextual acc is 0.9350000023841858
2022-04-24 21:13:53,399 - teacherTrainUtils.py - 96 - INFO - epoch: 2/10, step: 2641/5260, training......, sequential mean loss is 0.10233631730079651, sequential acc is 0.9637500047683716, contextual mean loss is 0.16857364773750305, contextual acc is 0.9387500286102295
2022-04-24 21:14:50,068 - teacherTrainUtils.py - 96 - INFO - epoch: 2/10, step: 2741/5260, training......, sequential mean loss is 0.10996218025684357, sequential acc is 0.9637500047683716, contextual mean loss is 0.17931386828422546, contextual acc is 0.9300000071525574
2022-04-24 21:15:46,747 - teacherTrainUtils.py - 96 - INFO - epoch: 2/10, step: 2841/5260, training......, sequential mean loss is 0.13636726140975952, sequential acc is 0.9549999833106995, contextual mean loss is 0.18621587753295898, contextual acc is 0.9287499785423279
2022-04-24 21:16:43,413 - teacherTrainUtils.py - 96 - INFO - epoch: 2/10, step: 2941/5260, training......, sequential mean loss is 0.10800555348396301, sequential acc is 0.9662500023841858, contextual mean loss is 0.14345675706863403, contextual acc is 0.9462500214576721
2022-04-24 21:17:40,115 - teacherTrainUtils.py - 96 - INFO - epoch: 2/10, step: 3041/5260, training......, sequential mean loss is 0.12709829211235046, sequential acc is 0.9512500166893005, contextual mean loss is 0.22295086085796356, contextual acc is 0.9237499833106995
2022-04-24 21:18:36,841 - teacherTrainUtils.py - 96 - INFO - epoch: 2/10, step: 3141/5260, training......, sequential mean loss is 0.11904727667570114, sequential acc is 0.9612500071525574, contextual mean loss is 0.1989676058292389, contextual acc is 0.925000011920929
2022-04-24 21:19:33,548 - teacherTrainUtils.py - 96 - INFO - epoch: 2/10, step: 3241/5260, training......, sequential mean loss is 0.163108691573143, sequential acc is 0.9437500238418579, contextual mean loss is 0.19608406722545624, contextual acc is 0.9200000166893005
2022-04-24 21:20:30,276 - teacherTrainUtils.py - 96 - INFO - epoch: 2/10, step: 3341/5260, training......, sequential mean loss is 0.13129401206970215, sequential acc is 0.949999988079071, contextual mean loss is 0.10302359610795975, contextual acc is 0.9662500023841858
2022-04-24 21:21:26,965 - teacherTrainUtils.py - 96 - INFO - epoch: 2/10, step: 3441/5260, training......, sequential mean loss is 0.1016259640455246, sequential acc is 0.9662500023841858, contextual mean loss is 0.12729676067829132, contextual acc is 0.956250011920929
2022-04-24 21:22:23,646 - teacherTrainUtils.py - 96 - INFO - epoch: 2/10, step: 3541/5260, training......, sequential mean loss is 0.1247216984629631, sequential acc is 0.9587500095367432, contextual mean loss is 0.19936765730381012, contextual acc is 0.9337499737739563
2022-04-24 21:23:20,330 - teacherTrainUtils.py - 96 - INFO - epoch: 2/10, step: 3641/5260, training......, sequential mean loss is 0.09706491231918335, sequential acc is 0.96875, contextual mean loss is 0.14765876531600952, contextual acc is 0.9487500190734863
2022-04-24 21:24:17,014 - teacherTrainUtils.py - 96 - INFO - epoch: 2/10, step: 3741/5260, training......, sequential mean loss is 0.09288589656352997, sequential acc is 0.9662500023841858, contextual mean loss is 0.16574525833129883, contextual acc is 0.9412500262260437
2022-04-24 21:24:17,016 - teacherTrainUtils.py - 108 - WARNING - Iter:3740/5260, strat evaluate on testset
2022-04-24 21:26:31,084 - teacherTrainUtils.py - 125 - WARNING - epoch: 2/10, step: 3741/5260, sequential mean loss is 0.12140098959207535, sequential acc is 0.9595352411270142, contextual mean loss is 0.19209441542625427, contextual acc is 0.9340945482254028. *
2022-04-24 21:27:27,776 - teacherTrainUtils.py - 96 - INFO - epoch: 2/10, step: 3841/5260, training......, sequential mean loss is 0.07790365815162659, sequential acc is 0.9725000262260437, contextual mean loss is 0.14907339215278625, contextual acc is 0.9437500238418579
2022-04-24 21:28:24,467 - teacherTrainUtils.py - 96 - INFO - epoch: 2/10, step: 3941/5260, training......, sequential mean loss is 0.12383951991796494, sequential acc is 0.9587500095367432, contextual mean loss is 0.18325287103652954, contextual acc is 0.9350000023841858
2022-04-24 21:29:21,183 - teacherTrainUtils.py - 96 - INFO - epoch: 2/10, step: 4041/5260, training......, sequential mean loss is 0.1039716899394989, sequential acc is 0.9649999737739563, contextual mean loss is 0.14774681627750397, contextual acc is 0.9537500143051147
2022-04-24 21:30:17,886 - teacherTrainUtils.py - 96 - INFO - epoch: 2/10, step: 4141/5260, training......, sequential mean loss is 0.09033951163291931, sequential acc is 0.9712499976158142, contextual mean loss is 0.13938936591148376, contextual acc is 0.9424999952316284
2022-04-24 21:31:14,566 - teacherTrainUtils.py - 96 - INFO - epoch: 2/10, step: 4241/5260, training......, sequential mean loss is 0.12661094963550568, sequential acc is 0.9474999904632568, contextual mean loss is 0.150005042552948, contextual acc is 0.949999988079071
2022-04-24 21:32:11,252 - teacherTrainUtils.py - 96 - INFO - epoch: 2/10, step: 4341/5260, training......, sequential mean loss is 0.08555624634027481, sequential acc is 0.9712499976158142, contextual mean loss is 0.16210925579071045, contextual acc is 0.949999988079071
2022-04-24 21:33:07,967 - teacherTrainUtils.py - 96 - INFO - epoch: 2/10, step: 4441/5260, training......, sequential mean loss is 0.09422476589679718, sequential acc is 0.9674999713897705, contextual mean loss is 0.15207646787166595, contextual acc is 0.9474999904632568
2022-04-24 21:34:04,692 - teacherTrainUtils.py - 96 - INFO - epoch: 2/10, step: 4541/5260, training......, sequential mean loss is 0.07950929552316666, sequential acc is 0.96875, contextual mean loss is 0.11382865905761719, contextual acc is 0.9612500071525574
2022-04-24 21:35:01,404 - teacherTrainUtils.py - 96 - INFO - epoch: 2/10, step: 4641/5260, training......, sequential mean loss is 0.10487226396799088, sequential acc is 0.9599999785423279, contextual mean loss is 0.11616624146699905, contextual acc is 0.9624999761581421
2022-04-24 21:35:58,114 - teacherTrainUtils.py - 96 - INFO - epoch: 2/10, step: 4741/5260, training......, sequential mean loss is 0.08059539645910263, sequential acc is 0.9674999713897705, contextual mean loss is 0.1597079038619995, contextual acc is 0.9437500238418579
2022-04-24 21:36:54,822 - teacherTrainUtils.py - 96 - INFO - epoch: 2/10, step: 4841/5260, training......, sequential mean loss is 0.07300842553377151, sequential acc is 0.9787499904632568, contextual mean loss is 0.1311277449131012, contextual acc is 0.9537500143051147
2022-04-24 21:37:51,540 - teacherTrainUtils.py - 96 - INFO - epoch: 2/10, step: 4941/5260, training......, sequential mean loss is 0.0963655486702919, sequential acc is 0.9624999761581421, contextual mean loss is 0.14848700165748596, contextual acc is 0.949999988079071
2022-04-24 21:38:48,252 - teacherTrainUtils.py - 96 - INFO - epoch: 2/10, step: 5041/5260, training......, sequential mean loss is 0.07766106724739075, sequential acc is 0.9762499928474426, contextual mean loss is 0.13751430809497833, contextual acc is 0.9487500190734863
2022-04-24 21:39:44,957 - teacherTrainUtils.py - 96 - INFO - epoch: 2/10, step: 5141/5260, training......, sequential mean loss is 0.12584690749645233, sequential acc is 0.956250011920929, contextual mean loss is 0.20443065464496613, contextual acc is 0.9300000071525574
2022-04-24 21:40:41,673 - teacherTrainUtils.py - 96 - INFO - epoch: 2/10, step: 5241/5260, training......, sequential mean loss is 0.11651606857776642, sequential acc is 0.9574999809265137, contextual mean loss is 0.1504545360803604, contextual acc is 0.9424999952316284
2022-04-24 21:40:52,608 - teacherTrainUtils.py - 51 - INFO - ------Epoch: 2/10------
2022-04-24 21:41:39,123 - teacherTrainUtils.py - 96 - INFO - epoch: 3/10, step: 81/5260, training......, sequential mean loss is 0.08043629676103592, sequential acc is 0.9737499952316284, contextual mean loss is 0.16125057637691498, contextual acc is 0.949999988079071
2022-04-24 21:42:35,823 - teacherTrainUtils.py - 96 - INFO - epoch: 3/10, step: 181/5260, training......, sequential mean loss is 0.0757557600736618, sequential acc is 0.9712499976158142, contextual mean loss is 0.13125810027122498, contextual acc is 0.9587500095367432
2022-04-24 21:43:32,527 - teacherTrainUtils.py - 96 - INFO - epoch: 3/10, step: 281/5260, training......, sequential mean loss is 0.09147234261035919, sequential acc is 0.96875, contextual mean loss is 0.13432511687278748, contextual acc is 0.9487500190734863
2022-04-24 21:44:29,230 - teacherTrainUtils.py - 96 - INFO - epoch: 3/10, step: 381/5260, training......, sequential mean loss is 0.09280256181955338, sequential acc is 0.9725000262260437, contextual mean loss is 0.13443990051746368, contextual acc is 0.949999988079071
2022-04-24 21:45:25,927 - teacherTrainUtils.py - 96 - INFO - epoch: 3/10, step: 481/5260, training......, sequential mean loss is 0.09001507610082626, sequential acc is 0.9725000262260437, contextual mean loss is 0.12818236649036407, contextual acc is 0.9549999833106995
2022-04-24 21:46:22,634 - teacherTrainUtils.py - 96 - INFO - epoch: 3/10, step: 581/5260, training......, sequential mean loss is 0.10092373937368393, sequential acc is 0.9712499976158142, contextual mean loss is 0.17716047167778015, contextual acc is 0.9350000023841858
2022-04-24 21:47:19,334 - teacherTrainUtils.py - 96 - INFO - epoch: 3/10, step: 681/5260, training......, sequential mean loss is 0.07379542291164398, sequential acc is 0.9725000262260437, contextual mean loss is 0.13883410394191742, contextual acc is 0.9512500166893005
2022-04-24 21:48:16,031 - teacherTrainUtils.py - 96 - INFO - epoch: 3/10, step: 781/5260, training......, sequential mean loss is 0.08771409094333649, sequential acc is 0.9712499976158142, contextual mean loss is 0.13763628900051117, contextual acc is 0.9537500143051147
2022-04-24 21:49:12,704 - teacherTrainUtils.py - 96 - INFO - epoch: 3/10, step: 881/5260, training......, sequential mean loss is 0.08474297821521759, sequential acc is 0.9750000238418579, contextual mean loss is 0.13878680765628815, contextual acc is 0.9512500166893005
2022-04-24 21:50:09,410 - teacherTrainUtils.py - 96 - INFO - epoch: 3/10, step: 981/5260, training......, sequential mean loss is 0.08078376948833466, sequential acc is 0.9775000214576721, contextual mean loss is 0.1436963677406311, contextual acc is 0.9512500166893005
2022-04-24 21:51:06,109 - teacherTrainUtils.py - 96 - INFO - epoch: 3/10, step: 1081/5260, training......, sequential mean loss is 0.10389961302280426, sequential acc is 0.9612500071525574, contextual mean loss is 0.09084751456975937, contextual acc is 0.9700000286102295
2022-04-24 21:52:02,815 - teacherTrainUtils.py - 96 - INFO - epoch: 3/10, step: 1181/5260, training......, sequential mean loss is 0.10204849392175674, sequential acc is 0.9612500071525574, contextual mean loss is 0.14666204154491425, contextual acc is 0.949999988079071
2022-04-24 21:52:59,518 - teacherTrainUtils.py - 96 - INFO - epoch: 3/10, step: 1281/5260, training......, sequential mean loss is 0.12344319373369217, sequential acc is 0.9587500095367432, contextual mean loss is 0.1698908805847168, contextual acc is 0.9375
2022-04-24 21:53:56,208 - teacherTrainUtils.py - 96 - INFO - epoch: 3/10, step: 1381/5260, training......, sequential mean loss is 0.13407140970230103, sequential acc is 0.9537500143051147, contextual mean loss is 0.10672701895236969, contextual acc is 0.9599999785423279
2022-04-24 21:54:52,924 - teacherTrainUtils.py - 96 - INFO - epoch: 3/10, step: 1481/5260, training......, sequential mean loss is 0.07618440687656403, sequential acc is 0.9725000262260437, contextual mean loss is 0.1342044621706009, contextual acc is 0.9574999809265137
2022-04-24 21:54:52,926 - teacherTrainUtils.py - 108 - WARNING - Iter:1480/5260, strat evaluate on testset
2022-04-24 21:57:07,058 - teacherTrainUtils.py - 125 - WARNING - epoch: 3/10, step: 1481/5260, sequential mean loss is 0.10171850025653839, sequential acc is 0.9635416865348816, contextual mean loss is 0.16269901394844055, contextual acc is 0.9409054517745972. *
2022-04-24 21:58:03,790 - teacherTrainUtils.py - 96 - INFO - epoch: 3/10, step: 1581/5260, training......, sequential mean loss is 0.07380060851573944, sequential acc is 0.9712499976158142, contextual mean loss is 0.1230417937040329, contextual acc is 0.9574999809265137
2022-04-24 21:59:00,538 - teacherTrainUtils.py - 96 - INFO - epoch: 3/10, step: 1681/5260, training......, sequential mean loss is 0.07305911183357239, sequential acc is 0.9800000190734863, contextual mean loss is 0.16921702027320862, contextual acc is 0.9474999904632568
2022-04-24 21:59:57,281 - teacherTrainUtils.py - 96 - INFO - epoch: 3/10, step: 1781/5260, training......, sequential mean loss is 0.06762103736400604, sequential acc is 0.9750000238418579, contextual mean loss is 0.12813644111156464, contextual acc is 0.9474999904632568
2022-04-24 22:00:54,018 - teacherTrainUtils.py - 96 - INFO - epoch: 3/10, step: 1881/5260, training......, sequential mean loss is 0.06776764988899231, sequential acc is 0.9800000190734863, contextual mean loss is 0.13176065683364868, contextual acc is 0.9537500143051147
2022-04-24 22:01:50,765 - teacherTrainUtils.py - 96 - INFO - epoch: 3/10, step: 1981/5260, training......, sequential mean loss is 0.05504608526825905, sequential acc is 0.9825000166893005, contextual mean loss is 0.1285686194896698, contextual acc is 0.9574999809265137
2022-04-24 22:02:47,491 - teacherTrainUtils.py - 96 - INFO - epoch: 3/10, step: 2081/5260, training......, sequential mean loss is 0.09819524735212326, sequential acc is 0.9712499976158142, contextual mean loss is 0.11076059192419052, contextual acc is 0.9599999785423279
2022-04-24 22:03:44,219 - teacherTrainUtils.py - 96 - INFO - epoch: 3/10, step: 2181/5260, training......, sequential mean loss is 0.09532441943883896, sequential acc is 0.9624999761581421, contextual mean loss is 0.17836415767669678, contextual acc is 0.9362499713897705
2022-04-24 22:04:40,939 - teacherTrainUtils.py - 96 - INFO - epoch: 3/10, step: 2281/5260, training......, sequential mean loss is 0.07380486279726028, sequential acc is 0.9737499952316284, contextual mean loss is 0.171907439827919, contextual acc is 0.9412500262260437
2022-04-24 22:05:37,662 - teacherTrainUtils.py - 96 - INFO - epoch: 3/10, step: 2381/5260, training......, sequential mean loss is 0.10137642174959183, sequential acc is 0.9674999713897705, contextual mean loss is 0.12926116585731506, contextual acc is 0.9649999737739563
2022-04-24 22:06:34,395 - teacherTrainUtils.py - 96 - INFO - epoch: 3/10, step: 2481/5260, training......, sequential mean loss is 0.10475388169288635, sequential acc is 0.9637500047683716, contextual mean loss is 0.1262209564447403, contextual acc is 0.9624999761581421
2022-04-24 22:07:31,111 - teacherTrainUtils.py - 96 - INFO - epoch: 3/10, step: 2581/5260, training......, sequential mean loss is 0.05675218626856804, sequential acc is 0.9837499856948853, contextual mean loss is 0.17504805326461792, contextual acc is 0.9375
2022-04-24 22:08:27,862 - teacherTrainUtils.py - 96 - INFO - epoch: 3/10, step: 2681/5260, training......, sequential mean loss is 0.09604508429765701, sequential acc is 0.9712499976158142, contextual mean loss is 0.14200927317142487, contextual acc is 0.9512500166893005
2022-04-24 22:09:24,656 - teacherTrainUtils.py - 96 - INFO - epoch: 3/10, step: 2781/5260, training......, sequential mean loss is 0.06756293773651123, sequential acc is 0.9762499928474426, contextual mean loss is 0.11649810522794724, contextual acc is 0.956250011920929
2022-04-24 22:10:21,466 - teacherTrainUtils.py - 96 - INFO - epoch: 3/10, step: 2881/5260, training......, sequential mean loss is 0.10253307223320007, sequential acc is 0.9612500071525574, contextual mean loss is 0.1391284018754959, contextual acc is 0.9512500166893005
2022-04-24 22:11:18,243 - teacherTrainUtils.py - 96 - INFO - epoch: 3/10, step: 2981/5260, training......, sequential mean loss is 0.09864404797554016, sequential acc is 0.9599999785423279, contextual mean loss is 0.1370709091424942, contextual acc is 0.9587500095367432
2022-04-24 22:12:15,015 - teacherTrainUtils.py - 96 - INFO - epoch: 3/10, step: 3081/5260, training......, sequential mean loss is 0.08047487586736679, sequential acc is 0.9725000262260437, contextual mean loss is 0.18860401213169098, contextual acc is 0.9312499761581421
2022-04-24 22:13:11,788 - teacherTrainUtils.py - 96 - INFO - epoch: 3/10, step: 3181/5260, training......, sequential mean loss is 0.08981578052043915, sequential acc is 0.9712499976158142, contextual mean loss is 0.1564020812511444, contextual acc is 0.9424999952316284
2022-04-24 22:14:08,567 - teacherTrainUtils.py - 96 - INFO - epoch: 3/10, step: 3281/5260, training......, sequential mean loss is 0.10614762455224991, sequential acc is 0.9637500047683716, contextual mean loss is 0.21378664672374725, contextual acc is 0.9100000262260437
2022-04-24 22:15:05,347 - teacherTrainUtils.py - 96 - INFO - epoch: 3/10, step: 3381/5260, training......, sequential mean loss is 0.07875397056341171, sequential acc is 0.9725000262260437, contextual mean loss is 0.14720068871974945, contextual acc is 0.9512500166893005
2022-04-24 22:16:02,120 - teacherTrainUtils.py - 96 - INFO - epoch: 3/10, step: 3481/5260, training......, sequential mean loss is 0.08410274237394333, sequential acc is 0.9712499976158142, contextual mean loss is 0.14044535160064697, contextual acc is 0.9487500190734863
2022-04-24 22:16:58,863 - teacherTrainUtils.py - 96 - INFO - epoch: 3/10, step: 3581/5260, training......, sequential mean loss is 0.08725974708795547, sequential acc is 0.9750000238418579, contextual mean loss is 0.1525392383337021, contextual acc is 0.949999988079071
2022-04-24 22:17:55,646 - teacherTrainUtils.py - 96 - INFO - epoch: 3/10, step: 3681/5260, training......, sequential mean loss is 0.07120505720376968, sequential acc is 0.9750000238418579, contextual mean loss is 0.12758980691432953, contextual acc is 0.9537500143051147
2022-04-24 22:18:52,406 - teacherTrainUtils.py - 96 - INFO - epoch: 3/10, step: 3781/5260, training......, sequential mean loss is 0.08146331459283829, sequential acc is 0.9750000238418579, contextual mean loss is 0.17392951250076294, contextual acc is 0.9350000023841858
2022-04-24 22:19:49,177 - teacherTrainUtils.py - 96 - INFO - epoch: 3/10, step: 3881/5260, training......, sequential mean loss is 0.07945780456066132, sequential acc is 0.9712499976158142, contextual mean loss is 0.12547515332698822, contextual acc is 0.949999988079071
2022-04-24 22:20:45,960 - teacherTrainUtils.py - 96 - INFO - epoch: 3/10, step: 3981/5260, training......, sequential mean loss is 0.0745890736579895, sequential acc is 0.9737499952316284, contextual mean loss is 0.14515787363052368, contextual acc is 0.9512500166893005
2022-04-24 22:21:42,719 - teacherTrainUtils.py - 96 - INFO - epoch: 3/10, step: 4081/5260, training......, sequential mean loss is 0.07506097108125687, sequential acc is 0.9750000238418579, contextual mean loss is 0.12789210677146912, contextual acc is 0.9537500143051147
2022-04-24 22:22:39,469 - teacherTrainUtils.py - 96 - INFO - epoch: 3/10, step: 4181/5260, training......, sequential mean loss is 0.09100466966629028, sequential acc is 0.9649999737739563, contextual mean loss is 0.13229569792747498, contextual acc is 0.956250011920929
2022-04-24 22:23:36,237 - teacherTrainUtils.py - 96 - INFO - epoch: 3/10, step: 4281/5260, training......, sequential mean loss is 0.06863563507795334, sequential acc is 0.9737499952316284, contextual mean loss is 0.13595756888389587, contextual acc is 0.9524999856948853
2022-04-24 22:24:32,993 - teacherTrainUtils.py - 96 - INFO - epoch: 3/10, step: 4381/5260, training......, sequential mean loss is 0.10355939716100693, sequential acc is 0.9624999761581421, contextual mean loss is 0.17109037935733795, contextual acc is 0.9387500286102295
2022-04-24 22:25:29,756 - teacherTrainUtils.py - 96 - INFO - epoch: 3/10, step: 4481/5260, training......, sequential mean loss is 0.06378760188817978, sequential acc is 0.9775000214576721, contextual mean loss is 0.15139444172382355, contextual acc is 0.9512500166893005
2022-04-24 22:25:29,758 - teacherTrainUtils.py - 108 - WARNING - Iter:4480/5260, strat evaluate on testset
2022-04-24 22:27:43,908 - teacherTrainUtils.py - 125 - WARNING - epoch: 3/10, step: 4481/5260, sequential mean loss is 0.1779027283191681, sequential acc is 0.9375, contextual mean loss is 0.18779194355010986, contextual acc is 0.9288862347602844. 
2022-04-24 22:28:40,676 - teacherTrainUtils.py - 96 - INFO - epoch: 3/10, step: 4581/5260, training......, sequential mean loss is 0.0874813050031662, sequential acc is 0.9649999737739563, contextual mean loss is 0.1320571005344391, contextual acc is 0.9549999833106995
2022-04-24 22:29:37,445 - teacherTrainUtils.py - 96 - INFO - epoch: 3/10, step: 4681/5260, training......, sequential mean loss is 0.06858233362436295, sequential acc is 0.9775000214576721, contextual mean loss is 0.12881451845169067, contextual acc is 0.9574999809265137
2022-04-24 22:30:34,209 - teacherTrainUtils.py - 96 - INFO - epoch: 3/10, step: 4781/5260, training......, sequential mean loss is 0.08883637189865112, sequential acc is 0.9725000262260437, contextual mean loss is 0.12606340646743774, contextual acc is 0.9574999809265137
2022-04-24 22:31:31,001 - teacherTrainUtils.py - 96 - INFO - epoch: 3/10, step: 4881/5260, training......, sequential mean loss is 0.08931922912597656, sequential acc is 0.9712499976158142, contextual mean loss is 0.10486467182636261, contextual acc is 0.96875
2022-04-24 22:32:27,775 - teacherTrainUtils.py - 96 - INFO - epoch: 3/10, step: 4981/5260, training......, sequential mean loss is 0.07279665023088455, sequential acc is 0.9725000262260437, contextual mean loss is 0.12862366437911987, contextual acc is 0.9637500047683716
2022-04-24 22:33:24,540 - teacherTrainUtils.py - 96 - INFO - epoch: 3/10, step: 5081/5260, training......, sequential mean loss is 0.08687976002693176, sequential acc is 0.96875, contextual mean loss is 0.1637468785047531, contextual acc is 0.9387500286102295
2022-04-24 22:34:21,311 - teacherTrainUtils.py - 96 - INFO - epoch: 3/10, step: 5181/5260, training......, sequential mean loss is 0.0689467117190361, sequential acc is 0.9775000214576721, contextual mean loss is 0.11770224571228027, contextual acc is 0.9599999785423279
2022-04-24 22:35:06,373 - teacherTrainUtils.py - 51 - INFO - ------Epoch: 3/10------
2022-04-24 22:35:18,887 - teacherTrainUtils.py - 96 - INFO - epoch: 4/10, step: 21/5260, training......, sequential mean loss is 0.0858098492026329, sequential acc is 0.96875, contextual mean loss is 0.1046530082821846, contextual acc is 0.9662500023841858
2022-04-24 22:36:15,670 - teacherTrainUtils.py - 96 - INFO - epoch: 4/10, step: 121/5260, training......, sequential mean loss is 0.05232231318950653, sequential acc is 0.9825000166893005, contextual mean loss is 0.10820627957582474, contextual acc is 0.9674999713897705
2022-04-24 22:37:12,435 - teacherTrainUtils.py - 96 - INFO - epoch: 4/10, step: 221/5260, training......, sequential mean loss is 0.07073739916086197, sequential acc is 0.9787499904632568, contextual mean loss is 0.11518985778093338, contextual acc is 0.96875
2022-04-24 22:38:09,194 - teacherTrainUtils.py - 96 - INFO - epoch: 4/10, step: 321/5260, training......, sequential mean loss is 0.06956338882446289, sequential acc is 0.9787499904632568, contextual mean loss is 0.11340251564979553, contextual acc is 0.956250011920929
2022-04-24 22:39:05,967 - teacherTrainUtils.py - 96 - INFO - epoch: 4/10, step: 421/5260, training......, sequential mean loss is 0.05132265388965607, sequential acc is 0.9737499952316284, contextual mean loss is 0.1167411357164383, contextual acc is 0.9612500071525574
2022-04-24 22:40:02,713 - teacherTrainUtils.py - 96 - INFO - epoch: 4/10, step: 521/5260, training......, sequential mean loss is 0.06518419086933136, sequential acc is 0.9750000238418579, contextual mean loss is 0.11604015529155731, contextual acc is 0.9549999833106995
2022-04-24 22:40:59,466 - teacherTrainUtils.py - 96 - INFO - epoch: 4/10, step: 621/5260, training......, sequential mean loss is 0.05647202953696251, sequential acc is 0.9775000214576721, contextual mean loss is 0.1144518107175827, contextual acc is 0.96875
2022-04-24 22:41:56,221 - teacherTrainUtils.py - 96 - INFO - epoch: 4/10, step: 721/5260, training......, sequential mean loss is 0.08135192841291428, sequential acc is 0.9712499976158142, contextual mean loss is 0.10050556808710098, contextual acc is 0.9700000286102295
2022-04-24 22:42:52,955 - teacherTrainUtils.py - 96 - INFO - epoch: 4/10, step: 821/5260, training......, sequential mean loss is 0.06484215706586838, sequential acc is 0.9787499904632568, contextual mean loss is 0.10540614277124405, contextual acc is 0.9624999761581421
2022-04-24 22:43:49,722 - teacherTrainUtils.py - 96 - INFO - epoch: 4/10, step: 921/5260, training......, sequential mean loss is 0.07139678299427032, sequential acc is 0.9800000190734863, contextual mean loss is 0.12571370601654053, contextual acc is 0.9599999785423279
2022-04-24 22:44:46,502 - teacherTrainUtils.py - 96 - INFO - epoch: 4/10, step: 1021/5260, training......, sequential mean loss is 0.0712060034275055, sequential acc is 0.9762499928474426, contextual mean loss is 0.13678905367851257, contextual acc is 0.956250011920929
2022-04-24 22:45:43,282 - teacherTrainUtils.py - 96 - INFO - epoch: 4/10, step: 1121/5260, training......, sequential mean loss is 0.07719269394874573, sequential acc is 0.9725000262260437, contextual mean loss is 0.084933340549469, contextual acc is 0.9725000262260437
2022-04-24 22:46:40,063 - teacherTrainUtils.py - 96 - INFO - epoch: 4/10, step: 1221/5260, training......, sequential mean loss is 0.0704374760389328, sequential acc is 0.9775000214576721, contextual mean loss is 0.12867772579193115, contextual acc is 0.9474999904632568
2022-04-24 22:47:36,830 - teacherTrainUtils.py - 96 - INFO - epoch: 4/10, step: 1321/5260, training......, sequential mean loss is 0.06252571940422058, sequential acc is 0.9800000190734863, contextual mean loss is 0.11827045679092407, contextual acc is 0.9612500071525574
2022-04-24 22:48:33,606 - teacherTrainUtils.py - 96 - INFO - epoch: 4/10, step: 1421/5260, training......, sequential mean loss is 0.07774972170591354, sequential acc is 0.9737499952316284, contextual mean loss is 0.09787355363368988, contextual acc is 0.9712499976158142
2022-04-24 22:49:30,386 - teacherTrainUtils.py - 96 - INFO - epoch: 4/10, step: 1521/5260, training......, sequential mean loss is 0.03567396476864815, sequential acc is 0.9825000166893005, contextual mean loss is 0.0987284928560257, contextual acc is 0.9662500023841858
2022-04-24 22:50:27,160 - teacherTrainUtils.py - 96 - INFO - epoch: 4/10, step: 1621/5260, training......, sequential mean loss is 0.08083872497081757, sequential acc is 0.9750000238418579, contextual mean loss is 0.12617619335651398, contextual acc is 0.9612500071525574
2022-04-24 22:51:23,929 - teacherTrainUtils.py - 96 - INFO - epoch: 4/10, step: 1721/5260, training......, sequential mean loss is 0.072406105697155, sequential acc is 0.9762499928474426, contextual mean loss is 0.0971376970410347, contextual acc is 0.9674999713897705
2022-04-24 22:52:20,711 - teacherTrainUtils.py - 96 - INFO - epoch: 4/10, step: 1821/5260, training......, sequential mean loss is 0.052599500864744186, sequential acc is 0.9837499856948853, contextual mean loss is 0.1228860542178154, contextual acc is 0.9662500023841858
2022-04-24 22:53:17,504 - teacherTrainUtils.py - 96 - INFO - epoch: 4/10, step: 1921/5260, training......, sequential mean loss is 0.05574263632297516, sequential acc is 0.9825000166893005, contextual mean loss is 0.08302921056747437, contextual acc is 0.9750000238418579
2022-04-24 22:54:14,265 - teacherTrainUtils.py - 96 - INFO - epoch: 4/10, step: 2021/5260, training......, sequential mean loss is 0.06854700297117233, sequential acc is 0.9775000214576721, contextual mean loss is 0.10601954162120819, contextual acc is 0.9649999737739563
2022-04-24 22:55:11,041 - teacherTrainUtils.py - 96 - INFO - epoch: 4/10, step: 2121/5260, training......, sequential mean loss is 0.058288976550102234, sequential acc is 0.9850000143051147, contextual mean loss is 0.125238299369812, contextual acc is 0.9599999785423279
2022-04-24 22:56:07,819 - teacherTrainUtils.py - 96 - INFO - epoch: 4/10, step: 2221/5260, training......, sequential mean loss is 0.0642564594745636, sequential acc is 0.9862499833106995, contextual mean loss is 0.10441803932189941, contextual acc is 0.9649999737739563
2022-04-24 22:56:07,821 - teacherTrainUtils.py - 108 - WARNING - Iter:2220/5260, strat evaluate on testset
2022-04-24 22:58:21,943 - teacherTrainUtils.py - 125 - WARNING - epoch: 4/10, step: 2221/5260, sequential mean loss is 0.14757095277309418, sequential acc is 0.9511218070983887, contextual mean loss is 0.21802280843257904, contextual acc is 0.9310897588729858. 
2022-04-24 22:59:19,952 - teacherTrainUtils.py - 96 - INFO - epoch: 4/10, step: 2321/5260, training......, sequential mean loss is 0.07981178164482117, sequential acc is 0.9662500023841858, contextual mean loss is 0.11526761204004288, contextual acc is 0.9599999785423279
2022-04-24 23:00:16,749 - teacherTrainUtils.py - 96 - INFO - epoch: 4/10, step: 2421/5260, training......, sequential mean loss is 0.03618018329143524, sequential acc is 0.9900000095367432, contextual mean loss is 0.09024281799793243, contextual acc is 0.9674999713897705
2022-04-24 23:01:13,557 - teacherTrainUtils.py - 96 - INFO - epoch: 4/10, step: 2521/5260, training......, sequential mean loss is 0.06568960845470428, sequential acc is 0.9800000190734863, contextual mean loss is 0.11985287815332413, contextual acc is 0.9637500047683716
2022-04-24 23:02:10,362 - teacherTrainUtils.py - 96 - INFO - epoch: 4/10, step: 2621/5260, training......, sequential mean loss is 0.05085238441824913, sequential acc is 0.981249988079071, contextual mean loss is 0.1323460340499878, contextual acc is 0.9587500095367432
2022-04-24 23:03:07,161 - teacherTrainUtils.py - 96 - INFO - epoch: 4/10, step: 2721/5260, training......, sequential mean loss is 0.05847229063510895, sequential acc is 0.9787499904632568, contextual mean loss is 0.08481336385011673, contextual acc is 0.9649999737739563
2022-04-24 23:04:03,952 - teacherTrainUtils.py - 96 - INFO - epoch: 4/10, step: 2821/5260, training......, sequential mean loss is 0.07617157697677612, sequential acc is 0.9737499952316284, contextual mean loss is 0.10791462659835815, contextual acc is 0.9637500047683716
2022-04-24 23:05:00,758 - teacherTrainUtils.py - 96 - INFO - epoch: 4/10, step: 2921/5260, training......, sequential mean loss is 0.06296414136886597, sequential acc is 0.9800000190734863, contextual mean loss is 0.0925632193684578, contextual acc is 0.9712499976158142
2022-04-24 23:05:57,574 - teacherTrainUtils.py - 96 - INFO - epoch: 4/10, step: 3021/5260, training......, sequential mean loss is 0.07006986439228058, sequential acc is 0.9762499928474426, contextual mean loss is 0.08082705736160278, contextual acc is 0.9750000238418579
2022-04-24 23:06:54,392 - teacherTrainUtils.py - 96 - INFO - epoch: 4/10, step: 3121/5260, training......, sequential mean loss is 0.05438094958662987, sequential acc is 0.9837499856948853, contextual mean loss is 0.11222965270280838, contextual acc is 0.956250011920929
2022-04-24 23:07:51,203 - teacherTrainUtils.py - 96 - INFO - epoch: 4/10, step: 3221/5260, training......, sequential mean loss is 0.0579119473695755, sequential acc is 0.9825000166893005, contextual mean loss is 0.12892282009124756, contextual acc is 0.9574999809265137
2022-04-24 23:08:48,005 - teacherTrainUtils.py - 96 - INFO - epoch: 4/10, step: 3321/5260, training......, sequential mean loss is 0.0881890133023262, sequential acc is 0.9762499928474426, contextual mean loss is 0.10190735757350922, contextual acc is 0.9662500023841858
2022-04-24 23:09:44,805 - teacherTrainUtils.py - 96 - INFO - epoch: 4/10, step: 3421/5260, training......, sequential mean loss is 0.0689062774181366, sequential acc is 0.9725000262260437, contextual mean loss is 0.08854664862155914, contextual acc is 0.9737499952316284
2022-04-24 23:10:41,612 - teacherTrainUtils.py - 96 - INFO - epoch: 4/10, step: 3521/5260, training......, sequential mean loss is 0.031744252890348434, sequential acc is 0.9862499833106995, contextual mean loss is 0.08890343457460403, contextual acc is 0.9750000238418579
2022-04-24 23:11:38,426 - teacherTrainUtils.py - 96 - INFO - epoch: 4/10, step: 3621/5260, training......, sequential mean loss is 0.08187426626682281, sequential acc is 0.9750000238418579, contextual mean loss is 0.12064594030380249, contextual acc is 0.9612500071525574
2022-04-24 23:12:35,243 - teacherTrainUtils.py - 96 - INFO - epoch: 4/10, step: 3721/5260, training......, sequential mean loss is 0.04964500293135643, sequential acc is 0.9800000190734863, contextual mean loss is 0.09165088832378387, contextual acc is 0.9737499952316284
2022-04-24 23:13:32,053 - teacherTrainUtils.py - 96 - INFO - epoch: 4/10, step: 3821/5260, training......, sequential mean loss is 0.04680609703063965, sequential acc is 0.9800000190734863, contextual mean loss is 0.09038089960813522, contextual acc is 0.9712499976158142
2022-04-24 23:14:28,867 - teacherTrainUtils.py - 96 - INFO - epoch: 4/10, step: 3921/5260, training......, sequential mean loss is 0.07525362074375153, sequential acc is 0.9737499952316284, contextual mean loss is 0.11321448534727097, contextual acc is 0.9649999737739563
2022-04-24 23:15:25,682 - teacherTrainUtils.py - 96 - INFO - epoch: 4/10, step: 4021/5260, training......, sequential mean loss is 0.047001730650663376, sequential acc is 0.987500011920929, contextual mean loss is 0.1305481344461441, contextual acc is 0.9624999761581421
2022-04-24 23:16:22,511 - teacherTrainUtils.py - 96 - INFO - epoch: 4/10, step: 4121/5260, training......, sequential mean loss is 0.0726342648267746, sequential acc is 0.9775000214576721, contextual mean loss is 0.07346685230731964, contextual acc is 0.9787499904632568
2022-04-24 23:17:19,345 - teacherTrainUtils.py - 96 - INFO - epoch: 4/10, step: 4221/5260, training......, sequential mean loss is 0.06708583980798721, sequential acc is 0.9750000238418579, contextual mean loss is 0.08320870250463486, contextual acc is 0.9762499928474426
2022-04-24 23:18:16,176 - teacherTrainUtils.py - 96 - INFO - epoch: 4/10, step: 4321/5260, training......, sequential mean loss is 0.05953536182641983, sequential acc is 0.9837499856948853, contextual mean loss is 0.1262279897928238, contextual acc is 0.9599999785423279
2022-04-24 23:19:12,986 - teacherTrainUtils.py - 96 - INFO - epoch: 4/10, step: 4421/5260, training......, sequential mean loss is 0.060583483427762985, sequential acc is 0.981249988079071, contextual mean loss is 0.14292091131210327, contextual acc is 0.9549999833106995
2022-04-24 23:20:09,796 - teacherTrainUtils.py - 96 - INFO - epoch: 4/10, step: 4521/5260, training......, sequential mean loss is 0.05041332542896271, sequential acc is 0.9850000143051147, contextual mean loss is 0.10123055428266525, contextual acc is 0.9624999761581421
2022-04-24 23:21:06,604 - teacherTrainUtils.py - 96 - INFO - epoch: 4/10, step: 4621/5260, training......, sequential mean loss is 0.04726826772093773, sequential acc is 0.9850000143051147, contextual mean loss is 0.1112266331911087, contextual acc is 0.9599999785423279
2022-04-24 23:22:03,410 - teacherTrainUtils.py - 96 - INFO - epoch: 4/10, step: 4721/5260, training......, sequential mean loss is 0.055162858217954636, sequential acc is 0.9787499904632568, contextual mean loss is 0.12188130617141724, contextual acc is 0.9574999809265137
2022-04-24 23:23:00,219 - teacherTrainUtils.py - 96 - INFO - epoch: 4/10, step: 4821/5260, training......, sequential mean loss is 0.06734605133533478, sequential acc is 0.9762499928474426, contextual mean loss is 0.10590521991252899, contextual acc is 0.9649999737739563
2022-04-24 23:23:57,049 - teacherTrainUtils.py - 96 - INFO - epoch: 4/10, step: 4921/5260, training......, sequential mean loss is 0.07580873370170593, sequential acc is 0.9737499952316284, contextual mean loss is 0.11251186579465866, contextual acc is 0.9662500023841858
2022-04-24 23:24:53,886 - teacherTrainUtils.py - 96 - INFO - epoch: 4/10, step: 5021/5260, training......, sequential mean loss is 0.04271955415606499, sequential acc is 0.9887499809265137, contextual mean loss is 0.0953124463558197, contextual acc is 0.96875
2022-04-24 23:25:50,719 - teacherTrainUtils.py - 96 - INFO - epoch: 4/10, step: 5121/5260, training......, sequential mean loss is 0.05323648080229759, sequential acc is 0.9825000166893005, contextual mean loss is 0.10903282463550568, contextual acc is 0.9649999737739563
2022-04-24 23:26:47,543 - teacherTrainUtils.py - 96 - INFO - epoch: 4/10, step: 5221/5260, training......, sequential mean loss is 0.07023356109857559, sequential acc is 0.9800000190734863, contextual mean loss is 0.09057708084583282, contextual acc is 0.9712499976158142
2022-04-24 23:26:47,544 - teacherTrainUtils.py - 108 - WARNING - Iter:5220/5260, strat evaluate on testset
2022-04-24 23:29:01,830 - teacherTrainUtils.py - 125 - WARNING - epoch: 4/10, step: 5221/5260, sequential mean loss is 0.12525205314159393, sequential acc is 0.9491186141967773, contextual mean loss is 0.16263748705387115, contextual acc is 0.9457131624221802. 
2022-04-24 23:29:24,221 - teacherTrainUtils.py - 51 - INFO - ------Epoch: 4/10------
2022-04-24 23:29:59,489 - teacherTrainUtils.py - 96 - INFO - epoch: 5/10, step: 61/5260, training......, sequential mean loss is 0.04591367393732071, sequential acc is 0.9862499833106995, contextual mean loss is 0.08550333231687546, contextual acc is 0.9737499952316284
2022-04-24 23:30:56,336 - teacherTrainUtils.py - 96 - INFO - epoch: 5/10, step: 161/5260, training......, sequential mean loss is 0.039701711386442184, sequential acc is 0.9862499833106995, contextual mean loss is 0.0665883868932724, contextual acc is 0.9775000214576721
2022-04-24 23:31:53,161 - teacherTrainUtils.py - 96 - INFO - epoch: 5/10, step: 261/5260, training......, sequential mean loss is 0.05734603479504585, sequential acc is 0.9850000143051147, contextual mean loss is 0.0686679258942604, contextual acc is 0.9800000190734863
2022-04-24 23:32:50,002 - teacherTrainUtils.py - 96 - INFO - epoch: 5/10, step: 361/5260, training......, sequential mean loss is 0.03935910388827324, sequential acc is 0.987500011920929, contextual mean loss is 0.09899479895830154, contextual acc is 0.9674999713897705
2022-04-24 23:33:46,863 - teacherTrainUtils.py - 96 - INFO - epoch: 5/10, step: 461/5260, training......, sequential mean loss is 0.025948572903871536, sequential acc is 0.9900000095367432, contextual mean loss is 0.06520186364650726, contextual acc is 0.9837499856948853
2022-04-24 23:34:43,717 - teacherTrainUtils.py - 96 - INFO - epoch: 5/10, step: 561/5260, training......, sequential mean loss is 0.040680721402168274, sequential acc is 0.987500011920929, contextual mean loss is 0.07361993938684464, contextual acc is 0.9787499904632568
2022-04-24 23:35:40,573 - teacherTrainUtils.py - 96 - INFO - epoch: 5/10, step: 661/5260, training......, sequential mean loss is 0.026739366352558136, sequential acc is 0.9900000095367432, contextual mean loss is 0.06611349433660507, contextual acc is 0.9787499904632568
2022-04-24 23:36:37,422 - teacherTrainUtils.py - 96 - INFO - epoch: 5/10, step: 761/5260, training......, sequential mean loss is 0.05283971130847931, sequential acc is 0.981249988079071, contextual mean loss is 0.08627435564994812, contextual acc is 0.96875
2022-04-24 23:37:34,276 - teacherTrainUtils.py - 96 - INFO - epoch: 5/10, step: 861/5260, training......, sequential mean loss is 0.054198626428842545, sequential acc is 0.9837499856948853, contextual mean loss is 0.10825681686401367, contextual acc is 0.9637500047683716
2022-04-24 23:38:31,143 - teacherTrainUtils.py - 96 - INFO - epoch: 5/10, step: 961/5260, training......, sequential mean loss is 0.041902799159288406, sequential acc is 0.9862499833106995, contextual mean loss is 0.06708402186632156, contextual acc is 0.9837499856948853
2022-04-24 23:38:31,145 - teacherTrainUtils.py - 136 - INFO - No optimization for a long time, auto-stopping...
2022-04-24 23:38:31,354 - teacherTrainUtils.py - 144 - INFO - ******FINISH TRAINING******
